10:06:39.899 [main] INFO  testCases.TC003LogoutTest - ***Click on logout button***
10:06:40.911 [main] INFO  testCases.TC003LogoutTest - ***Close the browser***
10:09:06.297 [main] INFO  org.testng.internal.Utils - [TestNG] Running:
  D:\Debabrata Rout\Eclipse Workplace\MyProjectV001\master.xml

10:09:06.535 [main] INFO  testCases.TC002LoginTest - ****Open Browser****
10:09:07.986 [main] INFO  testCases.TC002LoginTest - ***Delete All Cookies***
10:09:09.394 [main] INFO  testCases.TC002LoginTest - ***Launch the URL***
10:09:12.965 [main] INFO  testCases.TC002LoginTest - ***Maximize the browser window***
10:09:13.123 [main] INFO  testCases.TC002LoginTest - ***Click on Login link***
10:09:13.356 [main] INFO  testCases.TC002LoginTest - ***Clear user name field***
10:09:13.388 [main] INFO  testCases.TC002LoginTest - ***Add Username***
10:09:13.476 [main] INFO  testCases.TC002LoginTest - ***Clear password field***
10:09:13.499 [main] INFO  testCases.TC002LoginTest - ***Add Password***
10:09:13.559 [main] INFO  testCases.TC002LoginTest - ***Click on Login BTN***
10:09:37.028 [main] INFO  testCases.TC002LoginTest - ***Test Case Failed***
10:09:37.180 [main] INFO  testCases.TC002LoginTest - ***Close the browser***
10:09:37.445 [main] INFO  testCases.TC003LogoutTest - ****Open Browser****
10:09:38.533 [main] INFO  testCases.TC003LogoutTest - ***Delete All Cookies***
10:09:39.790 [main] INFO  testCases.TC003LogoutTest - ***Launch the URL***
10:09:43.033 [main] INFO  testCases.TC003LogoutTest - ***Maximize the browser window***
10:09:43.130 [main] INFO  testCases.TC003LogoutTest - ***Click on Login link***
10:09:43.362 [main] INFO  testCases.TC003LogoutTest - ***Clear user name field***
10:09:43.394 [main] INFO  testCases.TC003LogoutTest - ***Add Username***
10:09:43.474 [main] INFO  testCases.TC003LogoutTest - ***Clear password field***
10:09:43.494 [main] INFO  testCases.TC003LogoutTest - ***Add Password***
10:09:43.553 [main] INFO  testCases.TC003LogoutTest - ***Click on Login BTN***
10:09:44.103 [main] INFO  testCases.TC003LogoutTest - ***Click on ok BTN***
10:09:44.185 [main] INFO  testCases.TC003LogoutTest - ***Login Successful***
10:09:46.254 [main] INFO  testCases.TC003LogoutTest - ***Validate the username in the home page***
10:09:46.279 [main] INFO  testCases.TC003LogoutTest - ***Click on toggle user dropdown***
10:09:46.834 [main] INFO  testCases.TC003LogoutTest - ***Click on logout button***
10:09:47.701 [main] INFO  testCases.TC003LogoutTest - ***Close the browser***
10:13:18.062 [main] INFO  org.testng.internal.Utils - [TestNG] Running:
  D:\Debabrata Rout\Eclipse Workplace\MyProjectV001\master.xml

10:13:18.299 [main] INFO  testCases.TC002LoginTest - ****Open Browser****
10:13:19.895 [main] INFO  testCases.TC002LoginTest - ***Delete All Cookies***
10:13:21.303 [main] INFO  testCases.TC002LoginTest - ***Launch the URL***
10:13:24.820 [main] INFO  testCases.TC002LoginTest - ***Maximize the browser window***
10:13:24.986 [main] INFO  testCases.TC002LoginTest - ***Click on Login link***
10:13:25.219 [main] INFO  testCases.TC002LoginTest - ***Clear user name field***
10:13:25.251 [main] INFO  testCases.TC002LoginTest - ***Add Username***
10:13:25.337 [main] INFO  testCases.TC002LoginTest - ***Clear password field***
10:13:25.358 [main] INFO  testCases.TC002LoginTest - ***Add Password***
10:13:25.411 [main] INFO  testCases.TC002LoginTest - ***Click on Login BTN***
10:13:46.543 [main] INFO  testCases.TC002LoginTest - ***Test Case Failed***
10:13:46.678 [main] INFO  testCases.TC002LoginTest - ***Close the browser***
10:13:46.944 [main] INFO  testCases.TC003LogoutTest - ****Open Browser****
10:13:47.950 [main] INFO  testCases.TC003LogoutTest - ***Delete All Cookies***
10:13:49.443 [main] INFO  testCases.TC003LogoutTest - ***Launch the URL***
10:13:52.856 [main] INFO  testCases.TC003LogoutTest - ***Maximize the browser window***
10:13:52.958 [main] INFO  testCases.TC003LogoutTest - ***Click on Login link***
10:13:53.179 [main] INFO  testCases.TC003LogoutTest - ***Clear user name field***
10:13:53.214 [main] INFO  testCases.TC003LogoutTest - ***Add Username***
10:13:53.300 [main] INFO  testCases.TC003LogoutTest - ***Clear password field***
10:13:53.322 [main] INFO  testCases.TC003LogoutTest - ***Add Password***
10:13:53.374 [main] INFO  testCases.TC003LogoutTest - ***Click on Login BTN***
10:13:53.940 [main] INFO  testCases.TC003LogoutTest - ***Click on ok BTN***
10:13:54.020 [main] INFO  testCases.TC003LogoutTest - ***Login Successful***
10:13:56.081 [main] INFO  testCases.TC003LogoutTest - ***Validate the username in the home page***
10:13:56.105 [main] INFO  testCases.TC003LogoutTest - ***Click on toggle user dropdown***
10:13:56.522 [main] INFO  testCases.TC003LogoutTest - ***Click on logout button***
10:13:57.287 [main] INFO  testCases.TC003LogoutTest - ***Close the browser***
10:15:20.095 [main] INFO  org.testng.internal.Utils - [TestNG] Running:
  D:\Debabrata Rout\Eclipse Workplace\MyProjectV001\master.xml

10:15:20.335 [main] INFO  testCases.TC002LoginTest - ****Open Browser****
10:15:21.693 [main] INFO  testCases.TC002LoginTest - ***Delete All Cookies***
10:15:22.716 [main] INFO  testCases.TC002LoginTest - ***Launch the URL***
10:15:26.060 [main] INFO  testCases.TC002LoginTest - ***Maximize the browser window***
10:15:26.212 [main] INFO  testCases.TC002LoginTest - ***Click on Login link***
10:15:26.463 [main] INFO  testCases.TC002LoginTest - ***Clear user name field***
10:15:26.495 [main] INFO  testCases.TC002LoginTest - ***Add Username***
10:15:26.574 [main] INFO  testCases.TC002LoginTest - ***Clear password field***
10:15:26.595 [main] INFO  testCases.TC002LoginTest - ***Add Password***
10:15:26.650 [main] INFO  testCases.TC002LoginTest - ***Click on Login BTN***
10:15:48.602 [main] INFO  testCases.TC002LoginTest - ***Test Case Failed***
10:15:48.750 [main] INFO  testCases.TC002LoginTest - ***Close the browser***
10:15:49.015 [main] INFO  testCases.TC003LogoutTest - ****Open Browser****
10:15:50.088 [main] INFO  testCases.TC003LogoutTest - ***Delete All Cookies***
10:15:51.474 [main] INFO  testCases.TC003LogoutTest - ***Launch the URL***
10:15:54.803 [main] INFO  testCases.TC003LogoutTest - ***Maximize the browser window***
10:15:54.913 [main] INFO  testCases.TC003LogoutTest - ***Click on Login link***
10:15:55.148 [main] INFO  testCases.TC003LogoutTest - ***Clear user name field***
10:15:55.186 [main] INFO  testCases.TC003LogoutTest - ***Add Username***
10:15:55.302 [main] INFO  testCases.TC003LogoutTest - ***Clear password field***
10:15:55.327 [main] INFO  testCases.TC003LogoutTest - ***Add Password***
10:15:55.382 [main] INFO  testCases.TC003LogoutTest - ***Click on Login BTN***
10:15:55.908 [main] INFO  testCases.TC003LogoutTest - ***Click on ok BTN***
10:15:55.989 [main] INFO  testCases.TC003LogoutTest - ***Login Successful***
10:15:58.048 [main] INFO  testCases.TC003LogoutTest - ***Validate the username in the home page***
10:15:58.076 [main] INFO  testCases.TC003LogoutTest - ***Click on toggle user dropdown***
10:15:58.134 [main] INFO  testCases.TC003LogoutTest - ***Click on logout button***
10:15:58.911 [main] INFO  testCases.TC003LogoutTest - ***Close the browser***
10:28:48.568 [main] INFO  org.testng.internal.Utils - [TestNG] Running:
  D:\Debabrata Rout\Eclipse Workplace\MyProjectV001\master.xml

10:28:48.803 [main] INFO  testCases.TC006SetPriorityTest - ****Open Browser****
10:28:50.219 [main] INFO  testCases.TC006SetPriorityTest - ***Delete All Cookies***
10:28:52.966 [main] INFO  testCases.TC006SetPriorityTest - ***Launch the URL***
10:28:56.720 [main] INFO  testCases.TC006SetPriorityTest - ***Maximize the browser window***
10:28:56.895 [main] INFO  testCases.TC006SetPriorityTest - ***Click on Login link***
10:28:57.107 [main] INFO  testCases.TC006SetPriorityTest - ***Clear user name field***
10:28:57.139 [main] INFO  testCases.TC006SetPriorityTest - ***Add Username***
10:28:57.219 [main] INFO  testCases.TC006SetPriorityTest - ***Clear password field***
10:28:57.241 [main] INFO  testCases.TC006SetPriorityTest - ***Add Password***
10:28:57.295 [main] INFO  testCases.TC006SetPriorityTest - ***Click on Login BTN***
10:29:24.880 [main] INFO  testCases.TC006SetPriorityTest - ***Test Case Failed***
10:29:25.029 [main] INFO  testCases.TC006SetPriorityTest - ***Close the browser***
10:30:41.136 [main] INFO  org.testng.internal.Utils - [TestNG] Running:
  D:\Debabrata Rout\Eclipse Workplace\MyProjectV001\master.xml

10:30:41.460 [main] INFO  testCases.TC006SetPriorityTest - ****Open Browser****
10:30:43.256 [main] INFO  testCases.TC006SetPriorityTest - ***Delete All Cookies***
10:30:46.661 [main] INFO  testCases.TC006SetPriorityTest - ***Launch the URL***
10:30:52.017 [main] INFO  testCases.TC006SetPriorityTest - ***Maximize the browser window***
10:30:52.181 [main] INFO  testCases.TC006SetPriorityTest - ***Click on Login link***
10:30:52.454 [main] INFO  testCases.TC006SetPriorityTest - ***Clear user name field***
10:30:52.500 [main] INFO  testCases.TC006SetPriorityTest - ***Add Username***
10:30:52.597 [main] INFO  testCases.TC006SetPriorityTest - ***Clear password field***
10:30:52.620 [main] INFO  testCases.TC006SetPriorityTest - ***Add Password***
10:30:52.675 [main] INFO  testCases.TC006SetPriorityTest - ***Click on Login BTN***
10:31:17.086 [main] INFO  testCases.TC006SetPriorityTest - ***Test Case Failed***
10:31:17.241 [main] INFO  testCases.TC006SetPriorityTest - ***Close the browser***
