11:42:07.714 [main] INFO  org.testng.internal.Utils - [TestNG] Running:
  D:\Debabrata Rout\Eclipse Workplace\MyProjectV001\master.xml

11:42:07.762 [main] INFO  testCases.TC002LoginTest - ***Open Browser***
11:42:09.250 [main] INFO  testCases.TC002LoginTest - ***Delete All Cookies***
11:42:10.636 [main] INFO  testCases.TC002LoginTest - ***Launch the URL***
11:42:13.719 [main] INFO  testCases.TC002LoginTest - ***Maximize the browser window***
11:42:13.843 [main] INFO  testCases.TC002LoginTest - ***Click on Login link***
11:42:14.013 [main] INFO  testCases.TC002LoginTest - ***Clear user name field***
11:42:14.074 [main] INFO  testCases.TC002LoginTest - ***Add Username***
11:42:14.164 [main] INFO  testCases.TC002LoginTest - ***Clear password field***
11:42:14.219 [main] INFO  testCases.TC002LoginTest - ***Add Password***
11:42:14.293 [main] INFO  testCases.TC002LoginTest - ***Click on Login BTN***
11:42:16.295 [main] INFO  testCases.TC002LoginTest - ***Validate the username in the home page***
11:42:16.350 [main] INFO  testCases.TC002LoginTest - ***Click on toggle user dropdown***
11:42:17.361 [main] INFO  testCases.TC002LoginTest - ***Click on logout button***
11:42:18.466 [main] INFO  testCases.TC002LoginTest - ***Close the browser***
11:43:34.626 [main] INFO  org.testng.internal.Utils - [TestNG] Running:
  D:\Debabrata Rout\Eclipse Workplace\MyProjectV001\master.xml

11:43:34.668 [main] INFO  testCases.TC002LoginTest - ***Open Browser***
11:43:36.018 [main] INFO  testCases.TC002LoginTest - ***Delete All Cookies***
11:43:37.267 [main] INFO  testCases.TC002LoginTest - ***Launch the URL***
11:43:40.092 [main] INFO  testCases.TC002LoginTest - ***Maximize the browser window***
11:43:40.206 [main] INFO  testCases.TC002LoginTest - ***Click on Login link***
11:43:40.358 [main] INFO  testCases.TC002LoginTest - ***Clear user name field***
11:43:40.410 [main] INFO  testCases.TC002LoginTest - ***Add Username***
11:43:40.495 [main] INFO  testCases.TC002LoginTest - ***Clear password field***
11:43:40.544 [main] INFO  testCases.TC002LoginTest - ***Add Password***
11:43:40.610 [main] INFO  testCases.TC002LoginTest - ***Click on Login BTN***
11:43:42.573 [main] INFO  testCases.TC002LoginTest - ***Validate the username in the home page***
11:43:42.677 [main] INFO  testCases.TC002LoginTest - ***Click on toggle user dropdown***
11:43:43.662 [main] INFO  testCases.TC002LoginTest - ***Click on logout button***
11:43:44.471 [main] INFO  testCases.TC002LoginTest - ***Close the browser***
11:44:38.633 [main] INFO  org.testng.internal.Utils - [TestNG] Running:
  D:\Debabrata Rout\Eclipse Workplace\MyProjectV001\master.xml

11:44:38.681 [main] INFO  testCases.TC002LoginTest - ***Open Browser***
11:44:40.290 [main] INFO  testCases.TC002LoginTest - ***Delete All Cookies***
11:44:42.979 [main] INFO  testCases.TC002LoginTest - ***Launch the URL***
11:44:46.645 [main] INFO  testCases.TC002LoginTest - ***Maximize the browser window***
11:44:46.768 [main] INFO  testCases.TC002LoginTest - ***Click on Login link***
11:44:46.927 [main] INFO  testCases.TC002LoginTest - ***Clear user name field***
11:44:46.979 [main] INFO  testCases.TC002LoginTest - ***Add Username***
11:44:47.061 [main] INFO  testCases.TC002LoginTest - ***Clear password field***
11:44:47.113 [main] INFO  testCases.TC002LoginTest - ***Add Password***
11:44:47.179 [main] INFO  testCases.TC002LoginTest - ***Click on Login BTN***
11:44:57.182 [main] INFO  testCases.TC002LoginTest - ***Test Case Failed***
11:44:57.198 [main] INFO  testCases.TC002LoginTest - ***Close the browser***
12:15:39.141 [main] INFO  org.testng.internal.Utils - [TestNG] Running:
  D:\Debabrata Rout\Eclipse Workplace\MyProjectV001\master.xml

12:15:39.493 [main] INFO  testCases.TC002LoginTest - ***Open Browser***
12:15:43.509 [main] INFO  testCases.TC002LoginTest - ***Delete All Cookies***
12:15:44.358 [main] INFO  testCases.TC002LoginTest - ***Launch the URL***
12:15:47.566 [main] INFO  testCases.TC002LoginTest - ***Maximize the browser window***
12:15:47.690 [main] INFO  testCases.TC002LoginTest - ***Click on Login link***
12:15:47.884 [main] INFO  testCases.TC002LoginTest - ***Clear user name field***
12:15:47.933 [main] INFO  testCases.TC002LoginTest - ***Add Username***
12:15:48.019 [main] INFO  testCases.TC002LoginTest - ***Clear password field***
12:15:48.069 [main] INFO  testCases.TC002LoginTest - ***Add Password***
12:15:48.160 [main] INFO  testCases.TC002LoginTest - ***Click on Login BTN***
12:15:55.281 [main] INFO  testCases.TC002LoginTest - ***Validate the username in the home page***
12:15:55.348 [main] INFO  testCases.TC002LoginTest - ***Click on toggle user dropdown***
12:15:56.356 [main] INFO  testCases.TC002LoginTest - ***Click on logout button***
12:15:57.264 [main] INFO  testCases.TC002LoginTest - ***Close the browser***
12:18:38.646 [main] INFO  org.testng.internal.Utils - [TestNG] Running:
  D:\Debabrata Rout\Eclipse Workplace\MyProjectV001\grouping.xml

12:18:38.879 [main] INFO  testCases.TC001LandingPageLogoTest - ***Open Browser***
12:18:40.332 [main] INFO  testCases.TC001LandingPageLogoTest - ***Delete All Cookies***
12:18:41.657 [main] INFO  testCases.TC001LandingPageLogoTest - ***Launch the URL***
12:18:44.656 [main] INFO  testCases.TC001LandingPageLogoTest - ***Maximize the browser window***
12:18:44.748 [main] INFO  testCases.TC001LandingPageLogoTest - ***Validate the logo***
12:18:44.811 [main] INFO  testCases.TC001LandingPageLogoTest - ***click on the login link***
12:18:45.931 [main] INFO  testCases.TC001LandingPageLogoTest - ***Close the browser***
12:18:46.228 [main] INFO  testCases.TC002LoginTest - ***Open Browser***
12:18:47.183 [main] INFO  testCases.TC002LoginTest - ***Delete All Cookies***
12:18:48.514 [main] INFO  testCases.TC002LoginTest - ***Launch the URL***
12:18:51.195 [main] INFO  testCases.TC002LoginTest - ***Maximize the browser window***
12:18:51.247 [main] INFO  testCases.TC002LoginTest - ***Click on Login link***
12:18:51.420 [main] INFO  testCases.TC002LoginTest - ***Clear user name field***
12:18:51.479 [main] INFO  testCases.TC002LoginTest - ***Add Username***
12:18:51.578 [main] INFO  testCases.TC002LoginTest - ***Clear password field***
12:18:51.646 [main] INFO  testCases.TC002LoginTest - ***Add Password***
12:18:51.709 [main] INFO  testCases.TC002LoginTest - ***Click on Login BTN***
12:18:59.154 [main] INFO  testCases.TC002LoginTest - ***Validate the username in the home page***
12:18:59.205 [main] INFO  testCases.TC002LoginTest - ***Click on toggle user dropdown***
12:19:00.186 [main] INFO  testCases.TC002LoginTest - ***Click on logout button***
12:19:01.111 [main] INFO  testCases.TC002LoginTest - ***Close the browser***
12:19:01.372 [main] INFO  testCases.TC003LogoutTest - ***Open Browser***
12:19:02.517 [main] INFO  testCases.TC003LogoutTest - ***Delete All Cookies***
12:19:04.095 [main] INFO  testCases.TC003LogoutTest - ***Launch the URL***
12:19:07.046 [main] INFO  testCases.TC003LogoutTest - ***Maximize the browser window***
12:19:07.098 [main] INFO  testCases.TC003LogoutTest - ***Click on Login link***
12:19:07.300 [main] INFO  testCases.TC003LogoutTest - ***Clear user name field***
12:19:07.356 [main] INFO  testCases.TC003LogoutTest - ***Add Username***
12:19:07.441 [main] INFO  testCases.TC003LogoutTest - ***Clear password field***
12:19:07.485 [main] INFO  testCases.TC003LogoutTest - ***Add Password***
12:19:07.553 [main] INFO  testCases.TC003LogoutTest - ***Click on Login BTN***
12:19:15.346 [main] INFO  testCases.TC003LogoutTest - ***Validate the username in the home page***
12:19:15.390 [main] INFO  testCases.TC003LogoutTest - ***Click on toggle user dropdown***
12:19:15.456 [main] INFO  testCases.TC003LogoutTest - ***Click on logout button***
12:19:16.433 [main] INFO  testCases.TC003LogoutTest - ***Close the browser***
12:19:39.971 [main] INFO  org.testng.internal.Utils - [TestNG] Running:
  D:\Debabrata Rout\Eclipse Workplace\MyProjectV001\paralleltesting.xml

12:19:40.101 [TestNG-tests-1] INFO  testCases.TC001LandingPageLogoTest - ***Open Browser***
12:19:40.186 [TestNG-tests-2] INFO  testCases.TC001LandingPageLogoTest - ***Open Browser***
12:19:40.186 [TestNG-tests-3] INFO  testCases.TC001LandingPageLogoTest - ***Open Browser***
12:19:41.806 [TestNG-tests-1] INFO  testCases.TC001LandingPageLogoTest - ***Delete All Cookies***
12:19:44.321 [TestNG-tests-1] INFO  testCases.TC001LandingPageLogoTest - ***Launch the URL***
12:19:47.514 [TestNG-tests-1] INFO  testCases.TC001LandingPageLogoTest - ***Maximize the browser window***
12:19:47.637 [TestNG-tests-1] INFO  testCases.TC001LandingPageLogoTest - ***Validate the logo***
12:19:47.681 [TestNG-tests-1] INFO  testCases.TC001LandingPageLogoTest - ***click on the login link***
12:19:48.887 [TestNG-tests-1] INFO  testCases.TC001LandingPageLogoTest - ***Close the browser***
12:20:00.005 [TestNG-tests-3] INFO  testCases.TC001LandingPageLogoTest - ***Delete All Cookies***
12:20:00.768 [TestNG-tests-3] INFO  testCases.TC001LandingPageLogoTest - ***Launch the URL***
12:20:07.328 [TestNG-tests-3] INFO  testCases.TC001LandingPageLogoTest - ***Maximize the browser window***
12:20:09.662 [TestNG-tests-3] INFO  testCases.TC001LandingPageLogoTest - ***Validate the logo***
12:20:11.784 [TestNG-tests-3] INFO  testCases.TC001LandingPageLogoTest - ***click on the login link***
12:20:13.199 [TestNG-tests-2] INFO  testCases.TC001LandingPageLogoTest - ***Delete All Cookies***
12:20:13.212 [TestNG-tests-2] INFO  testCases.TC001LandingPageLogoTest - ***Launch the URL***
12:20:13.385 [TestNG-tests-3] INFO  testCases.TC001LandingPageLogoTest - ***Close the browser***
12:20:15.479 [TestNG-tests-2] INFO  testCases.TC001LandingPageLogoTest - ***Maximize the browser window***
12:20:15.530 [TestNG-tests-2] INFO  testCases.TC001LandingPageLogoTest - ***Validate the logo***
12:20:15.588 [TestNG-tests-2] INFO  testCases.TC001LandingPageLogoTest - ***click on the login link***
12:20:16.737 [TestNG-tests-2] INFO  testCases.TC001LandingPageLogoTest - ***Close the browser***
12:20:47.515 [main] INFO  org.testng.internal.Utils - [TestNG] Running:
  D:\Debabrata Rout\Eclipse Workplace\MyProjectV001\crossbrowsertesting.xml

12:20:47.733 [main] INFO  testCases.TC001LandingPageLogoTest - ***Open Browser***
12:20:49.150 [main] INFO  testCases.TC001LandingPageLogoTest - ***Delete All Cookies***
12:20:50.714 [main] INFO  testCases.TC001LandingPageLogoTest - ***Launch the URL***
12:20:53.805 [main] INFO  testCases.TC001LandingPageLogoTest - ***Maximize the browser window***
12:20:53.913 [main] INFO  testCases.TC001LandingPageLogoTest - ***Validate the logo***
12:20:53.971 [main] INFO  testCases.TC001LandingPageLogoTest - ***click on the login link***
12:20:55.112 [main] INFO  testCases.TC001LandingPageLogoTest - ***Close the browser***
12:20:56.070 [main] INFO  testCases.TC001LandingPageLogoTest - ***Open Browser***
12:20:57.628 [main] INFO  testCases.TC001LandingPageLogoTest - ***Delete All Cookies***
12:21:00.405 [main] INFO  testCases.TC001LandingPageLogoTest - ***Launch the URL***
12:21:02.355 [main] INFO  testCases.TC001LandingPageLogoTest - ***Maximize the browser window***
12:21:02.394 [main] INFO  testCases.TC001LandingPageLogoTest - ***Validate the logo***
12:21:02.466 [main] INFO  testCases.TC001LandingPageLogoTest - ***click on the login link***
12:21:03.595 [main] INFO  testCases.TC001LandingPageLogoTest - ***Close the browser***
12:21:05.341 [main] INFO  testCases.TC001LandingPageLogoTest - ***Open Browser***
12:21:10.443 [main] INFO  testCases.TC001LandingPageLogoTest - ***Delete All Cookies***
12:21:10.459 [main] INFO  testCases.TC001LandingPageLogoTest - ***Launch the URL***
12:21:12.767 [main] INFO  testCases.TC001LandingPageLogoTest - ***Maximize the browser window***
12:21:13.080 [main] INFO  testCases.TC001LandingPageLogoTest - ***Validate the logo***
12:21:13.127 [main] INFO  testCases.TC001LandingPageLogoTest - ***click on the login link***
12:21:14.385 [main] INFO  testCases.TC001LandingPageLogoTest - ***Close the browser***
12:23:35.649 [main] INFO  org.testng.internal.Utils - [TestNG] Running:
  D:\Debabrata Rout\Eclipse Workplace\MyProjectV001\crossbrowsertesting.xml

12:23:35.857 [main] INFO  testCases.TC001LandingPageLogoTest - ***Open Browser***
12:23:37.213 [main] INFO  testCases.TC001LandingPageLogoTest - ***Delete All Cookies***
12:23:38.543 [main] INFO  testCases.TC001LandingPageLogoTest - ***Launch the URL***
12:23:41.876 [main] INFO  testCases.TC001LandingPageLogoTest - ***Maximize the browser window***
12:23:41.999 [main] INFO  testCases.TC001LandingPageLogoTest - ***Validate the logo***
12:23:42.039 [main] INFO  testCases.TC001LandingPageLogoTest - ***click on the login link***
12:23:43.183 [main] INFO  testCases.TC001LandingPageLogoTest - ***Close the browser***
12:23:43.419 [main] INFO  testCases.TC002LoginTest - ***Open Browser***
12:23:44.373 [main] INFO  testCases.TC002LoginTest - ***Delete All Cookies***
12:23:45.996 [main] INFO  testCases.TC002LoginTest - ***Launch the URL***
12:23:48.900 [main] INFO  testCases.TC002LoginTest - ***Maximize the browser window***
12:23:48.955 [main] INFO  testCases.TC002LoginTest - ***Click on Login link***
12:23:49.130 [main] INFO  testCases.TC002LoginTest - ***Close the browser***
12:23:49.310 [main] INFO  testCases.TC003LogoutTest - ***Open Browser***
12:23:50.282 [main] INFO  testCases.TC003LogoutTest - ***Delete All Cookies***
12:23:51.762 [main] INFO  testCases.TC003LogoutTest - ***Launch the URL***
12:23:54.599 [main] INFO  testCases.TC003LogoutTest - ***Maximize the browser window***
12:23:54.635 [main] INFO  testCases.TC003LogoutTest - ***Click on Login link***
12:23:54.829 [main] INFO  testCases.TC003LogoutTest - ***Close the browser***
12:23:55.626 [main] INFO  testCases.TC001LandingPageLogoTest - ***Open Browser***
12:23:56.824 [main] INFO  testCases.TC001LandingPageLogoTest - ***Delete All Cookies***
12:23:59.158 [main] INFO  testCases.TC001LandingPageLogoTest - ***Launch the URL***
12:24:02.946 [main] INFO  testCases.TC001LandingPageLogoTest - ***Maximize the browser window***
12:24:03.002 [main] INFO  testCases.TC001LandingPageLogoTest - ***Validate the logo***
12:24:03.063 [main] INFO  testCases.TC001LandingPageLogoTest - ***click on the login link***
12:24:04.194 [main] INFO  testCases.TC001LandingPageLogoTest - ***Close the browser***
12:24:05.579 [main] INFO  testCases.TC002LoginTest - ***Open Browser***
12:24:06.697 [main] INFO  testCases.TC002LoginTest - ***Delete All Cookies***
12:24:09.176 [main] INFO  testCases.TC002LoginTest - ***Launch the URL***
12:24:12.186 [main] INFO  testCases.TC002LoginTest - ***Maximize the browser window***
12:24:12.252 [main] INFO  testCases.TC002LoginTest - ***Click on Login link***
12:24:12.407 [main] INFO  testCases.TC002LoginTest - ***Clear user name field***
12:24:12.459 [main] INFO  testCases.TC002LoginTest - ***Add Username***
12:24:12.541 [main] INFO  testCases.TC002LoginTest - ***Clear password field***
12:24:12.594 [main] INFO  testCases.TC002LoginTest - ***Add Password***
12:24:12.667 [main] INFO  testCases.TC002LoginTest - ***Click on Login BTN***
12:24:14.789 [main] INFO  testCases.TC002LoginTest - ***Validate the username in the home page***
12:24:14.840 [main] INFO  testCases.TC002LoginTest - ***Click on toggle user dropdown***
12:24:15.900 [main] INFO  testCases.TC002LoginTest - ***Click on logout button***
12:24:16.857 [main] INFO  testCases.TC002LoginTest - ***Close the browser***
12:24:18.227 [main] INFO  testCases.TC003LogoutTest - ***Open Browser***
12:24:19.296 [main] INFO  testCases.TC003LogoutTest - ***Delete All Cookies***
12:24:21.593 [main] INFO  testCases.TC003LogoutTest - ***Launch the URL***
12:24:24.584 [main] INFO  testCases.TC003LogoutTest - ***Maximize the browser window***
12:24:24.625 [main] INFO  testCases.TC003LogoutTest - ***Click on Login link***
12:24:24.784 [main] INFO  testCases.TC003LogoutTest - ***Clear user name field***
12:24:24.847 [main] INFO  testCases.TC003LogoutTest - ***Add Username***
12:24:24.957 [main] INFO  testCases.TC003LogoutTest - ***Clear password field***
12:24:25.023 [main] INFO  testCases.TC003LogoutTest - ***Add Password***
12:24:25.078 [main] INFO  testCases.TC003LogoutTest - ***Click on Login BTN***
12:24:27.603 [main] INFO  testCases.TC003LogoutTest - ***Validate the username in the home page***
12:24:27.657 [main] INFO  testCases.TC003LogoutTest - ***Click on toggle user dropdown***
12:24:27.742 [main] INFO  testCases.TC003LogoutTest - ***Click on logout button***
12:24:28.616 [main] INFO  testCases.TC003LogoutTest - ***Close the browser***
12:24:30.083 [main] INFO  testCases.TC001LandingPageLogoTest - ***Open Browser***
12:24:35.090 [main] INFO  testCases.TC001LandingPageLogoTest - ***Delete All Cookies***
12:24:35.111 [main] INFO  testCases.TC001LandingPageLogoTest - ***Launch the URL***
12:24:37.876 [main] INFO  testCases.TC001LandingPageLogoTest - ***Maximize the browser window***
12:24:38.170 [main] INFO  testCases.TC001LandingPageLogoTest - ***Validate the logo***
12:24:38.201 [main] INFO  testCases.TC001LandingPageLogoTest - ***click on the login link***
12:24:39.477 [main] INFO  testCases.TC001LandingPageLogoTest - ***Close the browser***
12:24:41.728 [main] INFO  testCases.TC002LoginTest - ***Open Browser***
12:24:45.801 [main] INFO  testCases.TC002LoginTest - ***Delete All Cookies***
12:24:45.817 [main] INFO  testCases.TC002LoginTest - ***Launch the URL***
12:24:48.939 [main] INFO  testCases.TC002LoginTest - ***Maximize the browser window***
12:24:49.231 [main] INFO  testCases.TC002LoginTest - ***Click on Login link***
12:24:49.529 [main] INFO  testCases.TC002LoginTest - ***Clear user name field***
12:24:49.529 [main] INFO  testCases.TC002LoginTest - ***Add Username***
12:24:50.019 [main] INFO  testCases.TC002LoginTest - ***Clear password field***
12:24:50.035 [main] INFO  testCases.TC002LoginTest - ***Add Password***
12:24:50.051 [main] INFO  testCases.TC002LoginTest - ***Click on Login BTN***
12:24:54.933 [main] INFO  testCases.TC002LoginTest - ***Validate the username in the home page***
12:24:55.183 [main] INFO  testCases.TC002LoginTest - ***Click on toggle user dropdown***
12:24:56.329 [main] INFO  testCases.TC002LoginTest - ***Click on logout button***
12:24:58.057 [main] INFO  testCases.TC002LoginTest - ***Close the browser***
12:25:01.811 [main] INFO  testCases.TC003LogoutTest - ***Open Browser***
12:25:06.222 [main] INFO  testCases.TC003LogoutTest - ***Delete All Cookies***
12:25:06.226 [main] INFO  testCases.TC003LogoutTest - ***Launch the URL***
12:25:10.340 [main] INFO  testCases.TC003LogoutTest - ***Maximize the browser window***
12:25:10.618 [main] INFO  testCases.TC003LogoutTest - ***Click on Login link***
12:25:10.900 [main] INFO  testCases.TC003LogoutTest - ***Clear user name field***
12:25:10.900 [main] INFO  testCases.TC003LogoutTest - ***Add Username***
12:25:10.948 [main] INFO  testCases.TC003LogoutTest - ***Clear password field***
12:25:10.948 [main] INFO  testCases.TC003LogoutTest - ***Add Password***
12:25:10.979 [main] INFO  testCases.TC003LogoutTest - ***Click on Login BTN***
12:25:15.708 [main] INFO  testCases.TC003LogoutTest - ***Validate the username in the home page***
12:25:15.723 [main] INFO  testCases.TC003LogoutTest - ***Click on toggle user dropdown***
12:25:15.975 [main] INFO  testCases.TC003LogoutTest - ***Click on logout button***
12:25:16.823 [main] INFO  testCases.TC003LogoutTest - ***Close the browser***
12:26:43.238 [main] INFO  org.testng.internal.Utils - [TestNG] Running:
  D:\Debabrata Rout\Eclipse Workplace\MyProjectV001\crossbrowsertesting.xml

12:26:43.456 [main] INFO  testCases.TC001LandingPageLogoTest - ***Open Browser***
12:26:45.182 [main] INFO  testCases.TC001LandingPageLogoTest - ***Delete All Cookies***
12:26:46.813 [main] INFO  testCases.TC001LandingPageLogoTest - ***Launch the URL***
12:26:49.424 [main] INFO  testCases.TC001LandingPageLogoTest - ***Maximize the browser window***
12:26:49.570 [main] INFO  testCases.TC001LandingPageLogoTest - ***Validate the logo***
12:26:49.609 [main] INFO  testCases.TC001LandingPageLogoTest - ***click on the login link***
12:26:50.726 [main] INFO  testCases.TC001LandingPageLogoTest - ***Close the browser***
12:26:51.085 [main] INFO  testCases.TC002LoginTest - ***Open Browser***
12:26:52.023 [main] INFO  testCases.TC002LoginTest - ***Delete All Cookies***
12:26:53.634 [main] INFO  testCases.TC002LoginTest - ***Launch the URL***
12:26:56.307 [main] INFO  testCases.TC002LoginTest - ***Maximize the browser window***
12:26:56.365 [main] INFO  testCases.TC002LoginTest - ***Click on Login link***
12:26:56.529 [main] INFO  testCases.TC002LoginTest - ***Clear user name field***
12:26:56.580 [main] INFO  testCases.TC002LoginTest - ***Add Username***
12:26:56.672 [main] INFO  testCases.TC002LoginTest - ***Clear password field***
12:26:56.721 [main] INFO  testCases.TC002LoginTest - ***Add Password***
12:26:56.784 [main] INFO  testCases.TC002LoginTest - ***Click on Login BTN***
12:26:58.033 [main] INFO  testCases.TC002LoginTest - ***Validate the username in the home page***
12:26:58.108 [main] INFO  testCases.TC002LoginTest - ***Click on toggle user dropdown***
12:26:59.108 [main] INFO  testCases.TC002LoginTest - ***Click on logout button***
12:26:59.973 [main] INFO  testCases.TC002LoginTest - ***Close the browser***
12:27:00.181 [main] INFO  testCases.TC003LogoutTest - ***Open Browser***
12:27:01.149 [main] INFO  testCases.TC003LogoutTest - ***Delete All Cookies***
12:27:02.695 [main] INFO  testCases.TC003LogoutTest - ***Launch the URL***
12:27:05.427 [main] INFO  testCases.TC003LogoutTest - ***Maximize the browser window***
12:27:05.465 [main] INFO  testCases.TC003LogoutTest - ***Click on Login link***
12:27:05.639 [main] INFO  testCases.TC003LogoutTest - ***Clear user name field***
12:27:05.688 [main] INFO  testCases.TC003LogoutTest - ***Add Username***
12:27:05.783 [main] INFO  testCases.TC003LogoutTest - ***Clear password field***
12:27:05.830 [main] INFO  testCases.TC003LogoutTest - ***Add Password***
12:27:05.894 [main] INFO  testCases.TC003LogoutTest - ***Click on Login BTN***
12:27:08.427 [main] INFO  testCases.TC003LogoutTest - ***Validate the username in the home page***
12:27:08.486 [main] INFO  testCases.TC003LogoutTest - ***Click on toggle user dropdown***
12:27:08.549 [main] INFO  testCases.TC003LogoutTest - ***Click on logout button***
12:27:09.655 [main] INFO  testCases.TC003LogoutTest - ***Close the browser***
12:27:10.403 [main] INFO  testCases.TC001LandingPageLogoTest - ***Open Browser***
12:27:11.947 [main] INFO  testCases.TC001LandingPageLogoTest - ***Delete All Cookies***
12:27:14.393 [main] INFO  testCases.TC001LandingPageLogoTest - ***Launch the URL***
12:27:16.629 [main] INFO  testCases.TC001LandingPageLogoTest - ***Maximize the browser window***
12:27:16.677 [main] INFO  testCases.TC001LandingPageLogoTest - ***Validate the logo***
12:27:16.733 [main] INFO  testCases.TC001LandingPageLogoTest - ***click on the login link***
12:27:17.855 [main] INFO  testCases.TC001LandingPageLogoTest - ***Close the browser***
12:27:19.193 [main] INFO  testCases.TC002LoginTest - ***Open Browser***
12:27:20.206 [main] INFO  testCases.TC002LoginTest - ***Delete All Cookies***
12:27:22.538 [main] INFO  testCases.TC002LoginTest - ***Launch the URL***
12:27:24.518 [main] INFO  testCases.TC002LoginTest - ***Maximize the browser window***
12:27:24.578 [main] INFO  testCases.TC002LoginTest - ***Click on Login link***
12:27:24.797 [main] INFO  testCases.TC002LoginTest - ***Clear user name field***
12:27:24.855 [main] INFO  testCases.TC002LoginTest - ***Add Username***
12:27:24.923 [main] INFO  testCases.TC002LoginTest - ***Clear password field***
12:27:24.964 [main] INFO  testCases.TC002LoginTest - ***Add Password***
12:27:25.038 [main] INFO  testCases.TC002LoginTest - ***Click on Login BTN***
12:27:26.439 [main] INFO  testCases.TC002LoginTest - ***Validate the username in the home page***
12:27:26.486 [main] INFO  testCases.TC002LoginTest - ***Click on toggle user dropdown***
12:27:27.483 [main] INFO  testCases.TC002LoginTest - ***Click on logout button***
12:27:28.296 [main] INFO  testCases.TC002LoginTest - ***Close the browser***
12:27:29.636 [main] INFO  testCases.TC003LogoutTest - ***Open Browser***
12:27:30.695 [main] INFO  testCases.TC003LogoutTest - ***Delete All Cookies***
12:27:33.221 [main] INFO  testCases.TC003LogoutTest - ***Launch the URL***
12:27:35.313 [main] INFO  testCases.TC003LogoutTest - ***Maximize the browser window***
12:27:35.350 [main] INFO  testCases.TC003LogoutTest - ***Click on Login link***
12:27:35.540 [main] INFO  testCases.TC003LogoutTest - ***Clear user name field***
12:27:35.587 [main] INFO  testCases.TC003LogoutTest - ***Add Username***
12:27:35.678 [main] INFO  testCases.TC003LogoutTest - ***Clear password field***
12:27:35.709 [main] INFO  testCases.TC003LogoutTest - ***Add Password***
12:27:35.782 [main] INFO  testCases.TC003LogoutTest - ***Click on Login BTN***
12:27:39.129 [main] INFO  testCases.TC003LogoutTest - ***Validate the username in the home page***
12:27:39.171 [main] INFO  testCases.TC003LogoutTest - ***Click on toggle user dropdown***
12:27:39.237 [main] INFO  testCases.TC003LogoutTest - ***Click on logout button***
12:27:39.321 [main] INFO  testCases.TC003LogoutTest - ***Close the browser***
12:27:40.794 [main] INFO  testCases.TC001LandingPageLogoTest - ***Open Browser***
12:27:45.373 [main] INFO  testCases.TC001LandingPageLogoTest - ***Delete All Cookies***
12:27:45.389 [main] INFO  testCases.TC001LandingPageLogoTest - ***Launch the URL***
12:27:47.871 [main] INFO  testCases.TC001LandingPageLogoTest - ***Maximize the browser window***
12:27:48.174 [main] INFO  testCases.TC001LandingPageLogoTest - ***Validate the logo***
12:27:48.205 [main] INFO  testCases.TC001LandingPageLogoTest - ***click on the login link***
12:27:49.460 [main] INFO  testCases.TC001LandingPageLogoTest - ***Close the browser***
12:27:51.664 [main] INFO  testCases.TC002LoginTest - ***Open Browser***
12:27:56.372 [main] INFO  testCases.TC002LoginTest - ***Delete All Cookies***
12:27:56.372 [main] INFO  testCases.TC002LoginTest - ***Launch the URL***
12:27:58.443 [main] INFO  testCases.TC002LoginTest - ***Maximize the browser window***
12:27:58.751 [main] INFO  testCases.TC002LoginTest - ***Click on Login link***
12:27:59.033 [main] INFO  testCases.TC002LoginTest - ***Clear user name field***
12:27:59.049 [main] INFO  testCases.TC002LoginTest - ***Add Username***
12:27:59.096 [main] INFO  testCases.TC002LoginTest - ***Clear password field***
12:27:59.096 [main] INFO  testCases.TC002LoginTest - ***Add Password***
12:27:59.114 [main] INFO  testCases.TC002LoginTest - ***Click on Login BTN***
12:27:59.772 [main] INFO  testCases.TC002LoginTest - ***Validate the username in the home page***
12:28:02.424 [main] INFO  testCases.TC002LoginTest - ***Click on toggle user dropdown***
12:28:02.534 [main] INFO  testCases.TC002LoginTest - ***Test Case Failed***
12:28:02.550 [main] INFO  testCases.TC002LoginTest - ***Close the browser***
12:28:08.485 [main] INFO  testCases.TC003LogoutTest - ***Open Browser***
12:28:13.541 [main] INFO  testCases.TC003LogoutTest - ***Delete All Cookies***
12:28:13.559 [main] INFO  testCases.TC003LogoutTest - ***Launch the URL***
12:28:16.385 [main] INFO  testCases.TC003LogoutTest - ***Maximize the browser window***
12:28:16.686 [main] INFO  testCases.TC003LogoutTest - ***Click on Login link***
12:28:17.011 [main] INFO  testCases.TC003LogoutTest - ***Clear user name field***
12:28:17.027 [main] INFO  testCases.TC003LogoutTest - ***Add Username***
12:28:17.074 [main] INFO  testCases.TC003LogoutTest - ***Clear password field***
12:28:17.083 [main] INFO  testCases.TC003LogoutTest - ***Add Password***
12:28:17.098 [main] INFO  testCases.TC003LogoutTest - ***Click on Login BTN***
12:28:20.244 [main] INFO  testCases.TC003LogoutTest - ***Validate the username in the home page***
12:28:20.354 [main] INFO  testCases.TC003LogoutTest - ***Click on toggle user dropdown***
12:28:20.370 [main] INFO  testCases.TC003LogoutTest - ***Test Case Failed***
12:28:20.370 [main] INFO  testCases.TC003LogoutTest - ***Close the browser***
12:29:54.508 [main] INFO  org.testng.internal.Utils - [TestNG] Running:
  D:\Debabrata Rout\Eclipse Workplace\MyProjectV001\paralleltesting.xml

12:29:54.650 [TestNG-tests-3] INFO  testCases.TC001LandingPageLogoTest - ***Open Browser***
12:29:54.726 [TestNG-tests-1] INFO  testCases.TC001LandingPageLogoTest - ***Open Browser***
12:29:54.726 [TestNG-tests-2] INFO  testCases.TC001LandingPageLogoTest - ***Open Browser***
12:29:57.143 [TestNG-tests-1] INFO  testCases.TC001LandingPageLogoTest - ***Delete All Cookies***
12:29:57.859 [TestNG-tests-2] INFO  testCases.TC001LandingPageLogoTest - ***Delete All Cookies***
12:29:59.471 [TestNG-tests-1] INFO  testCases.TC001LandingPageLogoTest - ***Launch the URL***
12:30:03.489 [TestNG-tests-2] INFO  testCases.TC001LandingPageLogoTest - ***Launch the URL***
12:30:04.564 [TestNG-tests-1] INFO  testCases.TC001LandingPageLogoTest - ***Maximize the browser window***
12:30:04.783 [TestNG-tests-1] INFO  testCases.TC001LandingPageLogoTest - ***Validate the logo***
12:30:04.837 [TestNG-tests-1] INFO  testCases.TC001LandingPageLogoTest - ***click on the login link***
12:30:05.988 [TestNG-tests-1] INFO  testCases.TC001LandingPageLogoTest - ***Close the browser***
12:30:08.430 [TestNG-tests-1] INFO  testCases.TC002LoginTest - ***Open Browser***
12:30:09.003 [TestNG-tests-2] INFO  testCases.TC001LandingPageLogoTest - ***Maximize the browser window***
12:30:09.087 [TestNG-tests-2] INFO  testCases.TC001LandingPageLogoTest - ***Validate the logo***
12:30:09.185 [TestNG-tests-2] INFO  testCases.TC001LandingPageLogoTest - ***click on the login link***
12:30:09.705 [TestNG-tests-3] INFO  testCases.TC001LandingPageLogoTest - ***Delete All Cookies***
12:30:09.716 [TestNG-tests-3] INFO  testCases.TC001LandingPageLogoTest - ***Launch the URL***
12:30:10.390 [TestNG-tests-2] INFO  testCases.TC001LandingPageLogoTest - ***Close the browser***
12:30:13.397 [TestNG-tests-1] INFO  testCases.TC002LoginTest - ***Delete All Cookies***
12:30:16.022 [TestNG-tests-1] INFO  testCases.TC002LoginTest - ***Launch the URL***
12:30:16.802 [TestNG-tests-2] INFO  testCases.TC002LoginTest - ***Open Browser***
12:30:19.869 [TestNG-tests-1] INFO  testCases.TC002LoginTest - ***Maximize the browser window***
12:30:20.166 [TestNG-tests-1] INFO  testCases.TC002LoginTest - ***Click on Login link***
12:30:20.397 [TestNG-tests-1] INFO  testCases.TC002LoginTest - ***Clear user name field***
12:30:20.401 [TestNG-tests-2] INFO  testCases.TC002LoginTest - ***Delete All Cookies***
12:30:20.454 [TestNG-tests-1] INFO  testCases.TC002LoginTest - ***Add Username***
12:30:20.533 [TestNG-tests-1] INFO  testCases.TC002LoginTest - ***Clear password field***
12:30:20.585 [TestNG-tests-1] INFO  testCases.TC002LoginTest - ***Add Password***
12:30:20.658 [TestNG-tests-1] INFO  testCases.TC002LoginTest - ***Click on Login BTN***
12:30:21.072 [TestNG-tests-3] INFO  testCases.TC001LandingPageLogoTest - ***Maximize the browser window***
12:30:21.718 [TestNG-tests-3] INFO  testCases.TC001LandingPageLogoTest - ***Validate the logo***
12:30:22.322 [TestNG-tests-3] INFO  testCases.TC001LandingPageLogoTest - ***click on the login link***
12:30:24.076 [TestNG-tests-3] INFO  testCases.TC001LandingPageLogoTest - ***Close the browser***
12:30:25.357 [TestNG-tests-1] INFO  testCases.TC002LoginTest - ***Validate the username in the home page***
12:30:26.627 [TestNG-tests-2] INFO  testCases.TC002LoginTest - ***Launch the URL***
12:30:28.392 [TestNG-tests-1] INFO  testCases.TC002LoginTest - ***Click on toggle user dropdown***
12:30:28.718 [TestNG-tests-3] INFO  testCases.TC002LoginTest - ***Open Browser***
12:30:29.298 [TestNG-tests-1] INFO  testCases.TC002LoginTest - ***Click on logout button***
12:30:30.288 [TestNG-tests-1] INFO  testCases.TC002LoginTest - ***Close the browser***
12:30:30.350 [TestNG-tests-2] INFO  testCases.TC002LoginTest - ***Maximize the browser window***
12:30:30.431 [TestNG-tests-2] INFO  testCases.TC002LoginTest - ***Click on Login link***
12:30:30.643 [TestNG-tests-2] INFO  testCases.TC002LoginTest - ***Clear user name field***
12:30:30.706 [TestNG-tests-2] INFO  testCases.TC002LoginTest - ***Add Username***
12:30:30.803 [TestNG-tests-2] INFO  testCases.TC002LoginTest - ***Clear password field***
12:30:30.845 [TestNG-tests-2] INFO  testCases.TC002LoginTest - ***Add Password***
12:30:30.946 [TestNG-tests-2] INFO  testCases.TC002LoginTest - ***Click on Login BTN***
12:30:31.554 [TestNG-tests-1] INFO  testCases.TC003LogoutTest - ***Open Browser***
12:30:35.070 [TestNG-tests-1] INFO  testCases.TC003LogoutTest - ***Delete All Cookies***
12:30:38.115 [TestNG-tests-1] INFO  testCases.TC003LogoutTest - ***Launch the URL***
12:30:40.774 [TestNG-tests-2] INFO  testCases.TC002LoginTest - ***Validate the username in the home page***
12:30:40.825 [TestNG-tests-2] INFO  testCases.TC002LoginTest - ***Click on toggle user dropdown***
12:30:40.903 [TestNG-tests-2] INFO  testCases.TC002LoginTest - ***Click on logout button***
12:30:41.805 [TestNG-tests-1] INFO  testCases.TC003LogoutTest - ***Maximize the browser window***
12:30:41.860 [TestNG-tests-1] INFO  testCases.TC003LogoutTest - ***Click on Login link***
12:30:42.144 [TestNG-tests-1] INFO  testCases.TC003LogoutTest - ***Clear user name field***
12:30:42.192 [TestNG-tests-1] INFO  testCases.TC003LogoutTest - ***Add Username***
12:30:42.257 [TestNG-tests-1] INFO  testCases.TC003LogoutTest - ***Clear password field***
12:30:42.279 [TestNG-tests-1] INFO  testCases.TC003LogoutTest - ***Add Password***
12:30:42.357 [TestNG-tests-1] INFO  testCases.TC003LogoutTest - ***Click on Login BTN***
12:30:42.923 [TestNG-tests-2] INFO  testCases.TC002LoginTest - ***Close the browser***
12:30:45.414 [TestNG-tests-3] INFO  testCases.TC002LoginTest - ***Delete All Cookies***
12:30:45.425 [TestNG-tests-3] INFO  testCases.TC002LoginTest - ***Launch the URL***
12:30:49.876 [TestNG-tests-3] INFO  testCases.TC002LoginTest - ***Maximize the browser window***
12:30:49.880 [TestNG-tests-2] INFO  testCases.TC003LogoutTest - ***Open Browser***
12:30:50.266 [TestNG-tests-3] INFO  testCases.TC002LoginTest - ***Click on Login link***
12:30:50.659 [TestNG-tests-3] INFO  testCases.TC002LoginTest - ***Clear user name field***
12:30:50.674 [TestNG-tests-3] INFO  testCases.TC002LoginTest - ***Add Username***
12:30:51.083 [TestNG-tests-1] INFO  testCases.TC003LogoutTest - ***Validate the username in the home page***
12:30:51.114 [TestNG-tests-1] INFO  testCases.TC003LogoutTest - ***Click on toggle user dropdown***
12:30:51.211 [TestNG-tests-1] INFO  testCases.TC003LogoutTest - ***Click on logout button***
12:30:53.103 [TestNG-tests-1] INFO  testCases.TC003LogoutTest - ***Close the browser***
12:30:53.748 [TestNG-tests-2] INFO  testCases.TC003LogoutTest - ***Delete All Cookies***
12:30:54.186 [TestNG-tests-3] INFO  testCases.TC002LoginTest - ***Clear password field***
12:30:54.202 [TestNG-tests-3] INFO  testCases.TC002LoginTest - ***Add Password***
12:30:54.798 [TestNG-tests-3] INFO  testCases.TC002LoginTest - ***Click on Login BTN***
12:30:58.853 [TestNG-tests-2] INFO  testCases.TC003LogoutTest - ***Launch the URL***
12:31:02.085 [TestNG-tests-2] INFO  testCases.TC003LogoutTest - ***Maximize the browser window***
12:31:02.153 [TestNG-tests-2] INFO  testCases.TC003LogoutTest - ***Click on Login link***
12:31:02.366 [TestNG-tests-2] INFO  testCases.TC003LogoutTest - ***Clear user name field***
12:31:02.457 [TestNG-tests-2] INFO  testCases.TC003LogoutTest - ***Add Username***
12:31:02.551 [TestNG-tests-2] INFO  testCases.TC003LogoutTest - ***Clear password field***
12:31:02.616 [TestNG-tests-2] INFO  testCases.TC003LogoutTest - ***Add Password***
12:31:02.675 [TestNG-tests-2] INFO  testCases.TC003LogoutTest - ***Click on Login BTN***
12:31:07.388 [TestNG-tests-2] INFO  testCases.TC003LogoutTest - ***Validate the username in the home page***
12:31:07.456 [TestNG-tests-2] INFO  testCases.TC003LogoutTest - ***Click on toggle user dropdown***
12:31:07.542 [TestNG-tests-2] INFO  testCases.TC003LogoutTest - ***Click on logout button***
12:31:07.915 [TestNG-tests-2] INFO  testCases.TC003LogoutTest - ***Close the browser***
12:31:09.001 [TestNG-tests-3] INFO  testCases.TC002LoginTest - ***Validate the username in the home page***
12:31:09.267 [TestNG-tests-3] INFO  testCases.TC002LoginTest - ***Click on toggle user dropdown***
12:31:09.786 [TestNG-tests-3] INFO  testCases.TC002LoginTest - ***Click on logout button***
12:31:12.307 [TestNG-tests-3] INFO  testCases.TC002LoginTest - ***Close the browser***
12:31:15.395 [TestNG-tests-3] INFO  testCases.TC003LogoutTest - ***Open Browser***
12:31:20.681 [TestNG-tests-3] INFO  testCases.TC003LogoutTest - ***Delete All Cookies***
12:31:20.697 [TestNG-tests-3] INFO  testCases.TC003LogoutTest - ***Launch the URL***
12:31:23.177 [TestNG-tests-3] INFO  testCases.TC003LogoutTest - ***Maximize the browser window***
12:31:23.504 [TestNG-tests-3] INFO  testCases.TC003LogoutTest - ***Click on Login link***
12:31:23.818 [TestNG-tests-3] INFO  testCases.TC003LogoutTest - ***Clear user name field***
12:31:23.833 [TestNG-tests-3] INFO  testCases.TC003LogoutTest - ***Add Username***
12:31:23.896 [TestNG-tests-3] INFO  testCases.TC003LogoutTest - ***Clear password field***
12:31:23.896 [TestNG-tests-3] INFO  testCases.TC003LogoutTest - ***Add Password***
12:31:23.912 [TestNG-tests-3] INFO  testCases.TC003LogoutTest - ***Click on Login BTN***
12:31:28.739 [TestNG-tests-3] INFO  testCases.TC003LogoutTest - ***Validate the username in the home page***
12:31:28.757 [TestNG-tests-3] INFO  testCases.TC003LogoutTest - ***Click on toggle user dropdown***
12:31:28.992 [TestNG-tests-3] INFO  testCases.TC003LogoutTest - ***Click on logout button***
12:31:29.604 [TestNG-tests-3] INFO  testCases.TC003LogoutTest - ***Close the browser***
12:32:55.003 [main] INFO  org.testng.internal.Utils - [TestNG] Running:
  D:\Debabrata Rout\Eclipse Workplace\MyProjectV001\master.xml

12:32:55.219 [main] INFO  testCases.TC002LoginTest - ***Open Browser***
12:32:56.724 [main] INFO  testCases.TC002LoginTest - ***Delete All Cookies***
12:32:58.518 [main] INFO  testCases.TC002LoginTest - ***Launch the URL***
12:33:01.216 [main] INFO  testCases.TC002LoginTest - ***Maximize the browser window***
12:33:01.345 [main] INFO  testCases.TC002LoginTest - ***Click on Login link***
12:33:01.498 [main] INFO  testCases.TC002LoginTest - ***Clear user name field***
12:33:01.559 [main] INFO  testCases.TC002LoginTest - ***Add Username***
12:33:01.638 [main] INFO  testCases.TC002LoginTest - ***Clear password field***
12:33:01.685 [main] INFO  testCases.TC002LoginTest - ***Add Password***
12:33:01.755 [main] INFO  testCases.TC002LoginTest - ***Click on Login BTN***
12:33:06.464 [main] INFO  testCases.TC002LoginTest - ***Validate the username in the home page***
12:33:16.517 [main] INFO  testCases.TC002LoginTest - ***Test Case Failed***
12:33:16.533 [main] INFO  testCases.TC002LoginTest - ***Close the browser***
12:36:53.658 [main] INFO  org.testng.internal.Utils - [TestNG] Running:
  D:\Debabrata Rout\Eclipse Workplace\MyProjectV001\master.xml

12:36:53.887 [main] INFO  testCases.TC002LoginTest - ***Open Browser***
12:36:55.355 [main] INFO  testCases.TC002LoginTest - ***Delete All Cookies***
12:36:56.557 [main] INFO  testCases.TC002LoginTest - ***Launch the URL***
12:36:59.161 [main] INFO  testCases.TC002LoginTest - ***Maximize the browser window***
12:36:59.280 [main] INFO  testCases.TC002LoginTest - ***Click on Login link***
12:36:59.428 [main] INFO  testCases.TC002LoginTest - ***Clear user name field***
12:36:59.487 [main] INFO  testCases.TC002LoginTest - ***Add Username***
12:36:59.571 [main] INFO  testCases.TC002LoginTest - ***Clear password field***
12:36:59.627 [main] INFO  testCases.TC002LoginTest - ***Add Password***
12:36:59.692 [main] INFO  testCases.TC002LoginTest - ***Click on Login BTN***
12:37:03.919 [main] INFO  testCases.TC002LoginTest - ***Validate the username in the home page***
12:37:13.994 [main] INFO  testCases.TC002LoginTest - ***Test Case Failed***
12:37:14.244 [main] INFO  testCases.TC002LoginTest - ***Close the browser***
12:38:03.712 [main] INFO  org.testng.internal.Utils - [TestNG] Running:
  D:\Debabrata Rout\Eclipse Workplace\MyProjectV001\grouping.xml

12:38:03.922 [main] INFO  testCases.TC001LandingPageLogoTest - ***Open Browser***
12:38:05.238 [main] INFO  testCases.TC001LandingPageLogoTest - ***Delete All Cookies***
12:38:06.505 [main] INFO  testCases.TC001LandingPageLogoTest - ***Launch the URL***
12:38:09.179 [main] INFO  testCases.TC001LandingPageLogoTest - ***Maximize the browser window***
12:38:09.299 [main] INFO  testCases.TC001LandingPageLogoTest - ***Validate the logo***
12:38:09.343 [main] INFO  testCases.TC001LandingPageLogoTest - ***click on the login link***
12:38:10.468 [main] INFO  testCases.TC001LandingPageLogoTest - ***Close the browser***
12:38:10.714 [main] INFO  testCases.TC002LoginTest - ***Open Browser***
12:38:11.732 [main] INFO  testCases.TC002LoginTest - ***Delete All Cookies***
12:38:12.920 [main] INFO  testCases.TC002LoginTest - ***Launch the URL***
12:38:16.515 [main] INFO  testCases.TC002LoginTest - ***Maximize the browser window***
12:38:16.570 [main] INFO  testCases.TC002LoginTest - ***Click on Login link***
12:38:16.741 [main] INFO  testCases.TC002LoginTest - ***Clear user name field***
12:38:16.790 [main] INFO  testCases.TC002LoginTest - ***Add Username***
12:38:16.879 [main] INFO  testCases.TC002LoginTest - ***Clear password field***
12:38:16.928 [main] INFO  testCases.TC002LoginTest - ***Add Password***
12:38:17.002 [main] INFO  testCases.TC002LoginTest - ***Click on Login BTN***
12:38:25.830 [main] INFO  testCases.TC002LoginTest - ***Validate the username in the home page***
12:38:25.872 [main] INFO  testCases.TC002LoginTest - ***Click on toggle user dropdown***
12:38:25.949 [main] INFO  testCases.TC002LoginTest - ***Click on logout button***
12:38:26.939 [main] INFO  testCases.TC002LoginTest - ***Close the browser***
16:14:15.228 [main] INFO  org.testng.internal.Utils - [TestNG] Running:
  D:\Debabrata Rout\Eclipse Workplace\MyProjectV001\master.xml

16:14:15.731 [main] INFO  testCases.TC001LandingPageLogoTest - ***Open Browser***
16:14:33.600 [main] INFO  testCases.TC001LandingPageLogoTest - ***Delete All Cookies***
16:14:35.062 [main] INFO  testCases.TC001LandingPageLogoTest - ***Launch the URL***
16:14:38.708 [main] INFO  testCases.TC001LandingPageLogoTest - ***Maximize the browser window***
16:14:38.872 [main] INFO  testCases.TC001LandingPageLogoTest - ***Validate the logo***
16:14:38.947 [main] INFO  testCases.TC001LandingPageLogoTest - ***click on the login link***
16:14:40.103 [main] INFO  testCases.TC001LandingPageLogoTest - ***Close the browser***
16:14:41.596 [main] INFO  testCases.TC002LoginTest - ***Open Browser***
16:14:43.796 [main] INFO  testCases.TC002LoginTest - ***Delete All Cookies***
16:14:45.226 [main] INFO  testCases.TC002LoginTest - ***Launch the URL***
16:14:50.056 [main] INFO  testCases.TC002LoginTest - ***Maximize the browser window***
16:14:50.125 [main] INFO  testCases.TC002LoginTest - ***Click on Login link***
16:14:50.390 [main] INFO  testCases.TC002LoginTest - ***Clear user name field***
16:14:50.438 [main] INFO  testCases.TC002LoginTest - ***Add Username***
16:14:50.523 [main] INFO  testCases.TC002LoginTest - ***Clear password field***
16:14:50.581 [main] INFO  testCases.TC002LoginTest - ***Add Password***
16:14:50.651 [main] INFO  testCases.TC002LoginTest - ***Click on Login BTN***
16:14:56.588 [main] INFO  testCases.TC002LoginTest - ***Validate the username in the home page***
16:15:06.628 [main] INFO  testCases.TC002LoginTest - ***Test Case Failed***
16:15:06.858 [main] INFO  testCases.TC002LoginTest - ***Close the browser***
16:16:22.418 [main] INFO  org.testng.internal.Utils - [TestNG] Running:
  D:\Debabrata Rout\Eclipse Workplace\MyProjectV001\test-output\testng-failed.xml

16:16:22.639 [main] INFO  testCases.TC002LoginTest - ***Open Browser***
16:16:24.010 [main] INFO  testCases.TC002LoginTest - ***Delete All Cookies***
16:16:25.869 [main] INFO  testCases.TC002LoginTest - ***Launch the URL***
16:16:30.037 [main] INFO  testCases.TC002LoginTest - ***Maximize the browser window***
16:16:30.171 [main] INFO  testCases.TC002LoginTest - ***Click on Login link***
16:16:30.381 [main] INFO  testCases.TC002LoginTest - ***Clear user name field***
16:16:30.425 [main] INFO  testCases.TC002LoginTest - ***Add Username***
16:16:30.502 [main] INFO  testCases.TC002LoginTest - ***Clear password field***
16:16:30.549 [main] INFO  testCases.TC002LoginTest - ***Add Password***
16:16:30.615 [main] INFO  testCases.TC002LoginTest - ***Click on Login BTN***
16:16:37.389 [main] INFO  testCases.TC002LoginTest - ***Validate the username in the home page***
16:16:37.431 [main] INFO  testCases.TC002LoginTest - ***Click on toggle user dropdown***
16:16:37.502 [main] INFO  testCases.TC002LoginTest - ***Click on logout button***
16:16:39.785 [main] INFO  testCases.TC002LoginTest - ***Close the browser***
09:34:27.952 [main] INFO  org.testng.internal.Utils - [TestNG] Running:
  D:\Debabrata Rout\Eclipse Workplace\MyProjectV001\master.xml

09:34:28.214 [main] INFO  testCases.TC001LandingPageLogoTest - ****Open Browser****
09:34:28.249 [main] INFO  testCases.TC001LandingPageLogoTest - ***Validate the logo***
09:34:28.249 [main] INFO  testCases.TC001LandingPageLogoTest - ***Test Failed***
09:34:28.288 [main] INFO  testCases.TC001LandingPageLogoTest - ***Close the browser***
09:34:28.294 [main] INFO  testCases.TC002LoginTest - ****Open Browser****
09:34:28.297 [main] INFO  testCases.TC002LoginTest - ***Click on Login link***
09:34:28.297 [main] INFO  testCases.TC002LoginTest - ***Test Case Failed***
09:34:28.302 [main] INFO  testCases.TC002LoginTest - ***Close the browser***
09:38:21.945 [main] INFO  org.testng.internal.Utils - [TestNG] Running:
  D:\Debabrata Rout\Eclipse Workplace\MyProjectV001\master.xml

09:38:22.171 [main] INFO  testCases.TC001LandingPageLogoTest - ****Open Browser****
09:38:22.210 [main] INFO  testCases.TC001LandingPageLogoTest - ***Validate the logo***
09:38:22.210 [main] INFO  testCases.TC001LandingPageLogoTest - ***Test Failed***
09:38:22.244 [main] INFO  testCases.TC001LandingPageLogoTest - ***Close the browser***
09:38:22.252 [main] INFO  testCases.TC002LoginTest - ****Open Browser****
09:38:22.256 [main] INFO  testCases.TC002LoginTest - ***Click on Login link***
09:38:22.256 [main] INFO  testCases.TC002LoginTest - ***Test Case Failed***
09:38:22.264 [main] INFO  testCases.TC002LoginTest - ***Close the browser***
09:39:42.583 [main] INFO  org.testng.internal.Utils - [TestNG] Running:
  D:\Debabrata Rout\Eclipse Workplace\MyProjectV001\master.xml

09:39:42.817 [main] INFO  testCases.TC001LandingPageLogoTest - ****Open Browser****
09:39:42.848 [main] INFO  testCases.TC001LandingPageLogoTest - ***Validate the logo***
09:39:42.849 [main] INFO  testCases.TC001LandingPageLogoTest - ***Test Failed***
09:39:42.882 [main] INFO  testCases.TC001LandingPageLogoTest - ***Close the browser***
09:39:42.893 [main] INFO  testCases.TC002LoginTest - ****Open Browser****
09:39:42.897 [main] INFO  testCases.TC002LoginTest - ***Click on Login link***
09:39:42.897 [main] INFO  testCases.TC002LoginTest - ***Test Case Failed***
09:39:42.904 [main] INFO  testCases.TC002LoginTest - ***Close the browser***
09:42:59.175 [main] INFO  org.testng.internal.Utils - [TestNG] Running:
  D:\Debabrata Rout\Eclipse Workplace\MyProjectV001\master.xml

09:42:59.403 [main] INFO  testCases.TC001LandingPageLogoTest - ****Open Browser****
09:43:09.442 [main] INFO  testCases.TC001LandingPageLogoTest - ***Delete All Cookies***
09:43:09.510 [main] INFO  testCases.TC001LandingPageLogoTest - ***Launch the URL***
09:43:20.401 [main] INFO  testCases.TC001LandingPageLogoTest - ***Maximize the browser window***
09:43:20.575 [main] INFO  testCases.TC001LandingPageLogoTest - ***Validate the logo***
09:43:20.872 [main] INFO  testCases.TC001LandingPageLogoTest - ***click on the login link***
09:43:22.216 [main] INFO  testCases.TC001LandingPageLogoTest - ***Close the browser***
09:43:22.949 [main] INFO  testCases.TC002LoginTest - ****Open Browser****
09:43:24.289 [main] INFO  testCases.TC002LoginTest - ***Delete All Cookies***
09:43:26.518 [main] INFO  testCases.TC002LoginTest - ***Launch the URL***
09:43:29.793 [main] INFO  testCases.TC002LoginTest - ***Maximize the browser window***
09:43:29.854 [main] INFO  testCases.TC002LoginTest - ***Click on Login link***
09:43:30.043 [main] INFO  testCases.TC002LoginTest - ***Clear user name field***
09:43:30.093 [main] INFO  testCases.TC002LoginTest - ***Add Username***
09:43:30.174 [main] INFO  testCases.TC002LoginTest - ***Clear password field***
09:43:30.222 [main] INFO  testCases.TC002LoginTest - ***Add Password***
09:43:30.294 [main] INFO  testCases.TC002LoginTest - ***Click on Login BTN***
09:43:42.568 [main] INFO  testCases.TC002LoginTest - ***Validate the username in the home page***
09:43:42.631 [main] INFO  testCases.TC002LoginTest - ***Click on toggle user dropdown***
09:43:42.703 [main] INFO  testCases.TC002LoginTest - ***Click on logout button***
