16:22:38.025 [main] INFO  testCases.TC008DateFilterTest - ***Maximize the browser window***
16:22:38.213 [main] INFO  testCases.TC008DateFilterTest - ***Click on Login link***
16:22:38.389 [main] INFO  testCases.TC008DateFilterTest - ***Clear user name field***
16:22:38.437 [main] INFO  testCases.TC008DateFilterTest - ***Add Username***
16:22:38.522 [main] INFO  testCases.TC008DateFilterTest - ***Clear password field***
16:22:38.561 [main] INFO  testCases.TC008DateFilterTest - ***Add Password***
16:22:38.646 [main] INFO  testCases.TC008DateFilterTest - ***Click on Login BTN***
16:22:51.715 [main] INFO  testCases.TC008DateFilterTest - ***Validate the username in the home page***
16:23:02.279 [main] INFO  testCases.TC008DateFilterTest - ***Switch to the workflow***
16:23:09.475 [main] INFO  testCases.TC008DateFilterTest - ***Validate the workflow name***
16:23:17.622 [main] INFO  testCases.TC008DateFilterTest - ***Test Case Failed***
16:23:17.836 [main] INFO  testCases.TC008DateFilterTest - ***Close the browser***
16:24:22.226 [main] INFO  org.testng.internal.Utils - [TestNG] Running:
  D:\Debabrata Rout\Eclipse Workplace\MyProjectV001\master.xml

16:24:22.473 [main] INFO  testCases.TC008DateFilterTest - ****Open Browser****
16:24:24.147 [main] INFO  testCases.TC008DateFilterTest - ***Delete All Cookies***
16:24:25.723 [main] INFO  testCases.TC008DateFilterTest - ***Launch the URL***
16:24:29.057 [main] INFO  testCases.TC008DateFilterTest - ***Maximize the browser window***
16:24:29.187 [main] INFO  testCases.TC008DateFilterTest - ***Click on Login link***
16:24:29.336 [main] INFO  testCases.TC008DateFilterTest - ***Clear user name field***
16:24:29.389 [main] INFO  testCases.TC008DateFilterTest - ***Add Username***
16:24:29.476 [main] INFO  testCases.TC008DateFilterTest - ***Clear password field***
16:24:29.529 [main] INFO  testCases.TC008DateFilterTest - ***Add Password***
16:24:29.591 [main] INFO  testCases.TC008DateFilterTest - ***Click on Login BTN***
16:24:31.941 [main] INFO  testCases.TC008DateFilterTest - ***Validate the username in the home page***
16:24:34.223 [main] INFO  testCases.TC008DateFilterTest - ***Switch to the workflow***
16:24:41.459 [main] INFO  testCases.TC008DateFilterTest - ***Validate the workflow name***
16:24:58.071 [main] INFO  testCases.TC008DateFilterTest - ***Test Case Failed***
16:24:58.209 [main] INFO  testCases.TC008DateFilterTest - ***Close the browser***
16:25:35.760 [main] INFO  org.testng.internal.Utils - [TestNG] Running:
  D:\Debabrata Rout\Eclipse Workplace\MyProjectV001\master.xml

16:25:35.996 [main] INFO  testCases.TC008DateFilterTest - ****Open Browser****
16:25:37.625 [main] INFO  testCases.TC008DateFilterTest - ***Delete All Cookies***
16:25:39.108 [main] INFO  testCases.TC008DateFilterTest - ***Launch the URL***
16:25:46.668 [main] INFO  testCases.TC008DateFilterTest - ***Maximize the browser window***
16:25:46.785 [main] INFO  testCases.TC008DateFilterTest - ***Click on Login link***
16:25:46.941 [main] INFO  testCases.TC008DateFilterTest - ***Clear user name field***
16:25:46.997 [main] INFO  testCases.TC008DateFilterTest - ***Add Username***
16:25:47.079 [main] INFO  testCases.TC008DateFilterTest - ***Clear password field***
16:25:47.134 [main] INFO  testCases.TC008DateFilterTest - ***Add Password***
16:25:47.205 [main] INFO  testCases.TC008DateFilterTest - ***Click on Login BTN***
16:25:51.914 [main] INFO  testCases.TC008DateFilterTest - ***Validate the username in the home page***
16:25:56.869 [main] INFO  testCases.TC008DateFilterTest - ***Switch to the workflow***
16:26:04.099 [main] INFO  testCases.TC008DateFilterTest - ***Validate the workflow name***
16:26:16.099 [main] INFO  testCases.TC008DateFilterTest - ***Click on toggle user dropdown***
16:26:16.165 [main] INFO  testCases.TC008DateFilterTest - ***Click on logout button***
16:26:20.193 [main] INFO  testCases.TC008DateFilterTest - ***Close the browser***
16:26:55.008 [main] INFO  org.testng.internal.Utils - [TestNG] Running:
  D:\Debabrata Rout\Eclipse Workplace\MyProjectV001\master.xml

16:26:55.247 [main] INFO  testCases.TC008DateFilterTest - ****Open Browser****
16:26:56.579 [main] INFO  testCases.TC008DateFilterTest - ***Delete All Cookies***
16:26:58.152 [main] INFO  testCases.TC008DateFilterTest - ***Launch the URL***
16:27:02.137 [main] INFO  testCases.TC008DateFilterTest - ***Maximize the browser window***
16:27:02.260 [main] INFO  testCases.TC008DateFilterTest - ***Click on Login link***
16:27:02.407 [main] INFO  testCases.TC008DateFilterTest - ***Clear user name field***
16:27:02.465 [main] INFO  testCases.TC008DateFilterTest - ***Add Username***
16:27:02.557 [main] INFO  testCases.TC008DateFilterTest - ***Clear password field***
16:27:02.607 [main] INFO  testCases.TC008DateFilterTest - ***Add Password***
16:27:02.679 [main] INFO  testCases.TC008DateFilterTest - ***Click on Login BTN***
16:27:09.391 [main] INFO  testCases.TC008DateFilterTest - ***Validate the username in the home page***
16:27:09.441 [main] INFO  testCases.TC008DateFilterTest - ***Switch to the workflow***
16:27:17.675 [main] INFO  testCases.TC008DateFilterTest - ***Validate the workflow name***
16:27:25.845 [main] INFO  testCases.TC008DateFilterTest - ***Test Case Failed***
16:27:25.991 [main] INFO  testCases.TC008DateFilterTest - ***Close the browser***
16:28:00.498 [main] INFO  org.testng.internal.Utils - [TestNG] Running:
  D:\Debabrata Rout\Eclipse Workplace\MyProjectV001\master.xml

16:28:00.723 [main] INFO  testCases.TC008DateFilterTest - ****Open Browser****
16:28:02.343 [main] INFO  testCases.TC008DateFilterTest - ***Delete All Cookies***
16:28:03.136 [main] INFO  testCases.TC008DateFilterTest - ***Launch the URL***
16:28:08.795 [main] INFO  testCases.TC008DateFilterTest - ***Maximize the browser window***
16:28:08.921 [main] INFO  testCases.TC008DateFilterTest - ***Click on Login link***
16:28:09.070 [main] INFO  testCases.TC008DateFilterTest - ***Clear user name field***
16:28:09.125 [main] INFO  testCases.TC008DateFilterTest - ***Add Username***
16:28:09.211 [main] INFO  testCases.TC008DateFilterTest - ***Clear password field***
16:28:09.267 [main] INFO  testCases.TC008DateFilterTest - ***Add Password***
16:28:09.333 [main] INFO  testCases.TC008DateFilterTest - ***Click on Login BTN***
16:28:11.674 [main] INFO  testCases.TC008DateFilterTest - ***Validate the username in the home page***
16:28:16.072 [main] INFO  testCases.TC008DateFilterTest - ***Switch to the workflow***
16:28:25.238 [main] INFO  testCases.TC008DateFilterTest - ***Validate the workflow name***
16:28:32.819 [main] INFO  testCases.TC008DateFilterTest - ***Test Case Failed***
16:28:32.959 [main] INFO  testCases.TC008DateFilterTest - ***Close the browser***
16:30:32.280 [main] INFO  org.testng.internal.Utils - [TestNG] Running:
  D:\Debabrata Rout\Eclipse Workplace\MyProjectV001\master.xml

16:30:32.517 [main] INFO  testCases.TC008DateFilterTest - ****Open Browser****
16:30:33.958 [main] INFO  testCases.TC008DateFilterTest - ***Delete All Cookies***
16:30:35.189 [main] INFO  testCases.TC008DateFilterTest - ***Launch the URL***
16:30:41.545 [main] INFO  testCases.TC008DateFilterTest - ***Maximize the browser window***
16:30:41.656 [main] INFO  testCases.TC008DateFilterTest - ***Click on Login link***
16:30:41.816 [main] INFO  testCases.TC008DateFilterTest - ***Clear user name field***
16:30:41.893 [main] INFO  testCases.TC008DateFilterTest - ***Add Username***
16:30:41.993 [main] INFO  testCases.TC008DateFilterTest - ***Clear password field***
16:30:42.049 [main] INFO  testCases.TC008DateFilterTest - ***Add Password***
16:30:42.112 [main] INFO  testCases.TC008DateFilterTest - ***Click on Login BTN***
16:30:44.498 [main] INFO  testCases.TC008DateFilterTest - ***Validate the username in the home page***
16:30:48.202 [main] INFO  testCases.TC008DateFilterTest - ***Switch to the workflow***
16:30:55.390 [main] INFO  testCases.TC008DateFilterTest - ***Validate the workflow name***
16:30:55.409 [main] INFO  testCases.TC008DateFilterTest - ***add the from date***
16:30:56.533 [main] INFO  testCases.TC008DateFilterTest - ***add the from date***
16:30:57.648 [main] INFO  testCases.TC008DateFilterTest - ***click on go button***
16:30:59.732 [main] INFO  testCases.TC008DateFilterTest - ***Click on toggle user dropdown***
16:31:07.191 [main] INFO  testCases.TC008DateFilterTest - ***Click on logout button***
16:31:19.218 [main] INFO  testCases.TC008DateFilterTest - ***Test Case Failed***
16:31:19.358 [main] INFO  testCases.TC008DateFilterTest - ***Close the browser***
16:32:38.338 [main] INFO  org.testng.internal.Utils - [TestNG] Running:
  D:\Debabrata Rout\Eclipse Workplace\MyProjectV001\master.xml

16:32:38.574 [main] INFO  testCases.TC008DateFilterTest - ****Open Browser****
16:32:39.973 [main] INFO  testCases.TC008DateFilterTest - ***Delete All Cookies***
16:32:41.456 [main] INFO  testCases.TC008DateFilterTest - ***Launch the URL***
16:32:49.574 [main] INFO  testCases.TC008DateFilterTest - ***Maximize the browser window***
16:32:49.685 [main] INFO  testCases.TC008DateFilterTest - ***Click on Login link***
16:32:49.840 [main] INFO  testCases.TC008DateFilterTest - ***Clear user name field***
16:32:49.894 [main] INFO  testCases.TC008DateFilterTest - ***Add Username***
16:32:49.983 [main] INFO  testCases.TC008DateFilterTest - ***Clear password field***
16:32:50.036 [main] INFO  testCases.TC008DateFilterTest - ***Add Password***
16:32:50.101 [main] INFO  testCases.TC008DateFilterTest - ***Click on Login BTN***
16:32:54.726 [main] INFO  testCases.TC008DateFilterTest - ***Validate the username in the home page***
16:33:11.250 [main] INFO  testCases.TC008DateFilterTest - ***Switch to the workflow***
16:33:18.448 [main] INFO  testCases.TC008DateFilterTest - ***Validate the workflow name***
16:33:18.493 [main] INFO  testCases.TC008DateFilterTest - ***add the from date***
16:33:19.641 [main] INFO  testCases.TC008DateFilterTest - ***add the from date***
16:33:20.789 [main] INFO  testCases.TC008DateFilterTest - ***click on go button***
16:33:25.187 [main] INFO  testCases.TC008DateFilterTest - ***Test Case Failed***
16:33:25.338 [main] INFO  testCases.TC008DateFilterTest - ***Close the browser***
16:34:25.684 [main] INFO  org.testng.internal.Utils - [TestNG] Running:
  D:\Debabrata Rout\Eclipse Workplace\MyProjectV001\master.xml

16:34:25.925 [main] INFO  testCases.TC008DateFilterTest - ****Open Browser****
16:34:27.300 [main] INFO  testCases.TC008DateFilterTest - ***Delete All Cookies***
16:34:28.356 [main] INFO  testCases.TC008DateFilterTest - ***Launch the URL***
16:34:33.363 [main] INFO  testCases.TC008DateFilterTest - ***Maximize the browser window***
16:34:33.483 [main] INFO  testCases.TC008DateFilterTest - ***Click on Login link***
16:34:33.629 [main] INFO  testCases.TC008DateFilterTest - ***Clear user name field***
16:34:33.685 [main] INFO  testCases.TC008DateFilterTest - ***Add Username***
16:34:33.776 [main] INFO  testCases.TC008DateFilterTest - ***Clear password field***
16:34:33.836 [main] INFO  testCases.TC008DateFilterTest - ***Add Password***
16:34:33.908 [main] INFO  testCases.TC008DateFilterTest - ***Click on Login BTN***
16:34:36.255 [main] INFO  testCases.TC008DateFilterTest - ***Validate the username in the home page***
16:34:40.236 [main] INFO  testCases.TC008DateFilterTest - ***Switch to the workflow***
16:34:47.414 [main] INFO  testCases.TC008DateFilterTest - ***Validate the workflow name***
16:34:47.438 [main] INFO  testCases.TC008DateFilterTest - ***add the from date***
16:34:55.036 [main] INFO  testCases.TC008DateFilterTest - ***add the from date***
16:34:56.168 [main] INFO  testCases.TC008DateFilterTest - ***click on go button***
16:34:58.238 [main] INFO  testCases.TC008DateFilterTest - ***Click on toggle user dropdown***
16:34:58.315 [main] INFO  testCases.TC008DateFilterTest - ***Click on logout button***
16:35:03.705 [main] INFO  testCases.TC008DateFilterTest - ***Close the browser***
16:58:46.008 [main] INFO  org.testng.internal.Utils - [TestNG] Running:
  D:\Debabrata Rout\Eclipse Workplace\MyProjectV001\master.xml

16:58:46.265 [main] INFO  testCases.TC001LandingPageLogoTest - ****Open Browser****
16:58:48.386 [main] INFO  testCases.TC001LandingPageLogoTest - ***Delete All Cookies***
16:58:49.951 [main] INFO  testCases.TC001LandingPageLogoTest - ***Launch the URL***
16:58:53.825 [main] INFO  testCases.TC001LandingPageLogoTest - ***Maximize the browser window***
16:58:53.930 [main] INFO  testCases.TC001LandingPageLogoTest - ***Validate the logo***
16:58:53.970 [main] INFO  testCases.TC001LandingPageLogoTest - ***click on the login link***
16:58:55.093 [main] INFO  testCases.TC001LandingPageLogoTest - ***Close the browser***
16:58:55.357 [main] INFO  testCases.TC002LoginTest - ****Open Browser****
16:58:56.471 [main] INFO  testCases.TC002LoginTest - ***Delete All Cookies***
16:58:57.593 [main] INFO  testCases.TC002LoginTest - ***Launch the URL***
16:59:01.031 [main] INFO  testCases.TC002LoginTest - ***Maximize the browser window***
16:59:01.096 [main] INFO  testCases.TC002LoginTest - ***Click on Login link***
16:59:01.275 [main] INFO  testCases.TC002LoginTest - ***Clear user name field***
16:59:01.333 [main] INFO  testCases.TC002LoginTest - ***Add Username***
16:59:01.415 [main] INFO  testCases.TC002LoginTest - ***Clear password field***
16:59:01.463 [main] INFO  testCases.TC002LoginTest - ***Add Password***
16:59:01.530 [main] INFO  testCases.TC002LoginTest - ***Click on Login BTN***
16:59:11.234 [main] INFO  testCases.TC002LoginTest - ***Validate the username in the home page***
16:59:11.273 [main] INFO  testCases.TC002LoginTest - ***Click on toggle user dropdown***
16:59:11.348 [main] INFO  testCases.TC002LoginTest - ***Click on logout button***
16:59:12.941 [main] INFO  testCases.TC002LoginTest - ***Close the browser***
16:59:13.214 [main] INFO  testCases.TC003LogoutTest - ****Open Browser****
16:59:14.244 [main] INFO  testCases.TC003LogoutTest - ***Delete All Cookies***
16:59:16.138 [main] INFO  testCases.TC003LogoutTest - ***Launch the URL***
16:59:19.676 [main] INFO  testCases.TC003LogoutTest - ***Maximize the browser window***
16:59:19.729 [main] INFO  testCases.TC003LogoutTest - ***Click on Login link***
16:59:19.909 [main] INFO  testCases.TC003LogoutTest - ***Clear user name field***
16:59:19.964 [main] INFO  testCases.TC003LogoutTest - ***Add Username***
16:59:20.055 [main] INFO  testCases.TC003LogoutTest - ***Clear password field***
16:59:20.115 [main] INFO  testCases.TC003LogoutTest - ***Add Password***
16:59:20.178 [main] INFO  testCases.TC003LogoutTest - ***Click on Login BTN***
16:59:27.654 [main] INFO  testCases.TC003LogoutTest - ***Validate the username in the home page***
16:59:27.695 [main] INFO  testCases.TC003LogoutTest - ***Click on toggle user dropdown***
16:59:27.759 [main] INFO  testCases.TC003LogoutTest - ***Click on logout button***
16:59:28.812 [main] INFO  testCases.TC003LogoutTest - ***Close the browser***
16:59:29.052 [main] INFO  testCases.TC005SwitchToAGNGPrefundingWorkflowTest - ****Open Browser****
16:59:29.940 [main] INFO  testCases.TC005SwitchToAGNGPrefundingWorkflowTest - ***Delete All Cookies***
16:59:31.480 [main] INFO  testCases.TC005SwitchToAGNGPrefundingWorkflowTest - ***Launch the URL***
16:59:34.855 [main] INFO  testCases.TC005SwitchToAGNGPrefundingWorkflowTest - ***Maximize the browser window***
16:59:34.886 [main] INFO  testCases.TC005SwitchToAGNGPrefundingWorkflowTest - ***Click on Login link***
16:59:35.055 [main] INFO  testCases.TC005SwitchToAGNGPrefundingWorkflowTest - ***Clear user name field***
16:59:35.105 [main] INFO  testCases.TC005SwitchToAGNGPrefundingWorkflowTest - ***Add Username***
16:59:35.203 [main] INFO  testCases.TC005SwitchToAGNGPrefundingWorkflowTest - ***Clear password field***
16:59:35.256 [main] INFO  testCases.TC005SwitchToAGNGPrefundingWorkflowTest - ***Add Password***
16:59:35.322 [main] INFO  testCases.TC005SwitchToAGNGPrefundingWorkflowTest - ***Click on Login BTN***
16:59:45.244 [main] INFO  testCases.TC005SwitchToAGNGPrefundingWorkflowTest - ***Validate the username in the home page***
16:59:45.280 [main] INFO  testCases.TC005SwitchToAGNGPrefundingWorkflowTest - ***Switch to the workflow***
16:59:50.717 [main] INFO  testCases.TC005SwitchToAGNGPrefundingWorkflowTest - ***Close the browser***
16:59:50.973 [main] INFO  testCases.TC006SetPriorityTest - ****Open Browser****
16:59:51.933 [main] INFO  testCases.TC006SetPriorityTest - ***Delete All Cookies***
16:59:53.343 [main] INFO  testCases.TC006SetPriorityTest - ***Launch the URL***
16:59:56.466 [main] INFO  testCases.TC006SetPriorityTest - ***Maximize the browser window***
16:59:56.518 [main] INFO  testCases.TC006SetPriorityTest - ***Click on Login link***
16:59:56.672 [main] INFO  testCases.TC006SetPriorityTest - ***Clear user name field***
16:59:56.725 [main] INFO  testCases.TC006SetPriorityTest - ***Add Username***
16:59:56.819 [main] INFO  testCases.TC006SetPriorityTest - ***Clear password field***
16:59:56.868 [main] INFO  testCases.TC006SetPriorityTest - ***Add Password***
16:59:56.935 [main] INFO  testCases.TC006SetPriorityTest - ***Click on Login BTN***
17:00:01.059 [main] INFO  testCases.TC006SetPriorityTest - ***Validate the username in the home page***
17:00:04.316 [main] INFO  testCases.TC006SetPriorityTest - ***Switch to the workflow***
17:00:11.523 [main] INFO  testCases.TC006SetPriorityTest - ***Validate the workflow name***
17:00:11.713 [main] INFO  testCases.TC006SetPriorityTest - ***Close the browser***
17:00:12.010 [main] INFO  testCases.TC007SearchLoan - ****Open Browser****
17:00:13.061 [main] INFO  testCases.TC007SearchLoan - ***Delete All Cookies***
17:00:14.573 [main] INFO  testCases.TC007SearchLoan - ***Launch the URL***
17:00:18.213 [main] INFO  testCases.TC007SearchLoan - ***Maximize the browser window***
17:00:18.275 [main] INFO  testCases.TC007SearchLoan - ***Click on Login link***
17:00:18.450 [main] INFO  testCases.TC007SearchLoan - ***Clear user name field***
17:00:18.516 [main] INFO  testCases.TC007SearchLoan - ***Add Username***
17:00:18.601 [main] INFO  testCases.TC007SearchLoan - ***Clear password field***
17:00:18.644 [main] INFO  testCases.TC007SearchLoan - ***Add Password***
17:00:18.715 [main] INFO  testCases.TC007SearchLoan - ***Click on Login BTN***
17:00:21.710 [main] INFO  testCases.TC007SearchLoan - ***Validate the username in the home page***
17:00:22.957 [main] INFO  testCases.TC007SearchLoan - ***Switch to the workflow***
17:00:30.139 [main] INFO  testCases.TC007SearchLoan - ***Validate the workflow name***
17:00:31.274 [main] INFO  testCases.TC007SearchLoan - ***Test Case Failed***
17:00:31.417 [main] INFO  testCases.TC007SearchLoan - ***Close the browser***
17:00:31.693 [main] INFO  testCases.TC008DateFilterTest - ****Open Browser****
17:00:32.618 [main] INFO  testCases.TC008DateFilterTest - ***Delete All Cookies***
17:00:33.743 [main] INFO  testCases.TC008DateFilterTest - ***Launch the URL***
17:00:37.710 [main] INFO  testCases.TC008DateFilterTest - ***Maximize the browser window***
17:00:37.758 [main] INFO  testCases.TC008DateFilterTest - ***Click on Login link***
17:00:37.931 [main] INFO  testCases.TC008DateFilterTest - ***Clear user name field***
17:00:37.977 [main] INFO  testCases.TC008DateFilterTest - ***Add Username***
17:00:38.075 [main] INFO  testCases.TC008DateFilterTest - ***Clear password field***
17:00:38.129 [main] INFO  testCases.TC008DateFilterTest - ***Add Password***
17:00:38.199 [main] INFO  testCases.TC008DateFilterTest - ***Click on Login BTN***
17:00:40.495 [main] INFO  testCases.TC008DateFilterTest - ***Validate the username in the home page***
17:00:42.630 [main] INFO  testCases.TC008DateFilterTest - ***Switch to the workflow***
17:00:49.787 [main] INFO  testCases.TC008DateFilterTest - ***Validate the workflow name***
17:00:49.806 [main] INFO  testCases.TC008DateFilterTest - ***add the from date***
17:00:57.526 [main] INFO  testCases.TC008DateFilterTest - ***add the from date***
17:00:58.663 [main] INFO  testCases.TC008DateFilterTest - ***click on go button***
17:01:00.731 [main] INFO  testCases.TC008DateFilterTest - ***Click on toggle user dropdown***
17:01:00.795 [main] INFO  testCases.TC008DateFilterTest - ***Click on logout button***
17:01:11.863 [main] INFO  testCases.TC008DateFilterTest - ***Test Case Failed***
17:01:11.971 [main] INFO  testCases.TC008DateFilterTest - ***Close the browser***
17:04:51.967 [main] INFO  org.testng.internal.Utils - [TestNG] Running:
  D:\Debabrata Rout\Eclipse Workplace\MyProjectV001\master.xml

17:04:52.210 [main] INFO  testCases.TC005SwitchToAGNGPrefundingWorkflowTest - ****Open Browser****
17:04:53.559 [main] INFO  testCases.TC005SwitchToAGNGPrefundingWorkflowTest - ***Delete All Cookies***
17:04:54.765 [main] INFO  testCases.TC005SwitchToAGNGPrefundingWorkflowTest - ***Launch the URL***
17:04:58.532 [main] INFO  testCases.TC005SwitchToAGNGPrefundingWorkflowTest - ***Maximize the browser window***
17:04:58.675 [main] INFO  testCases.TC005SwitchToAGNGPrefundingWorkflowTest - ***Click on Login link***
17:04:58.844 [main] INFO  testCases.TC005SwitchToAGNGPrefundingWorkflowTest - ***Clear user name field***
17:04:58.889 [main] INFO  testCases.TC005SwitchToAGNGPrefundingWorkflowTest - ***Add Username***
17:04:58.967 [main] INFO  testCases.TC005SwitchToAGNGPrefundingWorkflowTest - ***Clear password field***
17:04:59.022 [main] INFO  testCases.TC005SwitchToAGNGPrefundingWorkflowTest - ***Add Password***
17:04:59.129 [main] INFO  testCases.TC005SwitchToAGNGPrefundingWorkflowTest - ***Click on Login BTN***
17:05:01.469 [main] INFO  testCases.TC005SwitchToAGNGPrefundingWorkflowTest - ***Validate the username in the home page***
17:05:03.638 [main] INFO  testCases.TC005SwitchToAGNGPrefundingWorkflowTest - ***Switch to the workflow***
17:05:10.012 [main] INFO  testCases.TC005SwitchToAGNGPrefundingWorkflowTest - ***Close the browser***
17:06:07.986 [main] INFO  org.testng.internal.Utils - [TestNG] Running:
  D:\Debabrata Rout\Eclipse Workplace\MyProjectV001\master.xml

17:06:08.217 [main] INFO  testCases.TC005SwitchToAGNGPrefundingWorkflowTest - ****Open Browser****
17:06:09.661 [main] INFO  testCases.TC005SwitchToAGNGPrefundingWorkflowTest - ***Delete All Cookies***
17:06:10.736 [main] INFO  testCases.TC005SwitchToAGNGPrefundingWorkflowTest - ***Launch the URL***
17:06:14.327 [main] INFO  testCases.TC005SwitchToAGNGPrefundingWorkflowTest - ***Maximize the browser window***
17:06:14.451 [main] INFO  testCases.TC005SwitchToAGNGPrefundingWorkflowTest - ***Click on Login link***
17:06:14.664 [main] INFO  testCases.TC005SwitchToAGNGPrefundingWorkflowTest - ***Clear user name field***
17:06:14.704 [main] INFO  testCases.TC005SwitchToAGNGPrefundingWorkflowTest - ***Add Username***
17:06:14.782 [main] INFO  testCases.TC005SwitchToAGNGPrefundingWorkflowTest - ***Clear password field***
17:06:14.835 [main] INFO  testCases.TC005SwitchToAGNGPrefundingWorkflowTest - ***Add Password***
17:06:14.909 [main] INFO  testCases.TC005SwitchToAGNGPrefundingWorkflowTest - ***Click on Login BTN***
17:06:18.477 [main] INFO  testCases.TC005SwitchToAGNGPrefundingWorkflowTest - ***Validate the username in the home page***
17:06:20.344 [main] INFO  testCases.TC005SwitchToAGNGPrefundingWorkflowTest - ***Switch to the workflow***
17:06:26.555 [main] INFO  testCases.TC005SwitchToAGNGPrefundingWorkflowTest - ***Click on toggle user dropdown***
17:06:28.412 [main] INFO  testCases.TC005SwitchToAGNGPrefundingWorkflowTest - ***Test Case Failed***
17:06:28.597 [main] INFO  testCases.TC005SwitchToAGNGPrefundingWorkflowTest - ***Close the browser***
17:10:30.946 [main] INFO  org.testng.internal.Utils - [TestNG] Running:
  D:\Debabrata Rout\Eclipse Workplace\MyProjectV001\master.xml

17:10:31.178 [main] INFO  testCases.TC005SwitchToAGNGPrefundingWorkflowTest - ****Open Browser****
17:10:32.537 [main] INFO  testCases.TC005SwitchToAGNGPrefundingWorkflowTest - ***Delete All Cookies***
17:10:33.685 [main] INFO  testCases.TC005SwitchToAGNGPrefundingWorkflowTest - ***Launch the URL***
17:10:37.279 [main] INFO  testCases.TC005SwitchToAGNGPrefundingWorkflowTest - ***Maximize the browser window***
17:10:37.400 [main] INFO  testCases.TC005SwitchToAGNGPrefundingWorkflowTest - ***Click on Login link***
17:10:37.557 [main] INFO  testCases.TC005SwitchToAGNGPrefundingWorkflowTest - ***Clear user name field***
17:10:37.610 [main] INFO  testCases.TC005SwitchToAGNGPrefundingWorkflowTest - ***Add Username***
17:10:37.692 [main] INFO  testCases.TC005SwitchToAGNGPrefundingWorkflowTest - ***Clear password field***
17:10:37.737 [main] INFO  testCases.TC005SwitchToAGNGPrefundingWorkflowTest - ***Add Password***
17:10:37.802 [main] INFO  testCases.TC005SwitchToAGNGPrefundingWorkflowTest - ***Click on Login BTN***
17:10:40.136 [main] INFO  testCases.TC005SwitchToAGNGPrefundingWorkflowTest - ***Validate the username in the home page***
17:10:41.666 [main] INFO  testCases.TC005SwitchToAGNGPrefundingWorkflowTest - ***Switch to the workflow***
17:10:47.874 [main] INFO  testCases.TC005SwitchToAGNGPrefundingWorkflowTest - ***Click on toggle user dropdown***
17:10:50.942 [main] INFO  testCases.TC005SwitchToAGNGPrefundingWorkflowTest - ***Test Case Failed***
17:10:51.102 [main] INFO  testCases.TC005SwitchToAGNGPrefundingWorkflowTest - ***Close the browser***
17:14:15.049 [main] INFO  org.testng.internal.Utils - [TestNG] Running:
  D:\Debabrata Rout\Eclipse Workplace\MyProjectV001\master.xml

17:14:15.298 [main] INFO  testCases.TC005SwitchToAGNGPrefundingWorkflowTest - ****Open Browser****
17:14:16.809 [main] INFO  testCases.TC005SwitchToAGNGPrefundingWorkflowTest - ***Delete All Cookies***
17:14:18.307 [main] INFO  testCases.TC005SwitchToAGNGPrefundingWorkflowTest - ***Launch the URL***
17:14:21.466 [main] INFO  testCases.TC005SwitchToAGNGPrefundingWorkflowTest - ***Maximize the browser window***
17:14:21.587 [main] INFO  testCases.TC005SwitchToAGNGPrefundingWorkflowTest - ***Click on Login link***
17:14:21.756 [main] INFO  testCases.TC005SwitchToAGNGPrefundingWorkflowTest - ***Clear user name field***
17:14:21.809 [main] INFO  testCases.TC005SwitchToAGNGPrefundingWorkflowTest - ***Add Username***
17:14:21.890 [main] INFO  testCases.TC005SwitchToAGNGPrefundingWorkflowTest - ***Clear password field***
17:14:21.952 [main] INFO  testCases.TC005SwitchToAGNGPrefundingWorkflowTest - ***Add Password***
17:14:22.019 [main] INFO  testCases.TC005SwitchToAGNGPrefundingWorkflowTest - ***Click on Login BTN***
17:14:24.288 [main] INFO  testCases.TC005SwitchToAGNGPrefundingWorkflowTest - ***Validate the username in the home page***
17:14:25.020 [main] INFO  testCases.TC005SwitchToAGNGPrefundingWorkflowTest - ***Switch to the workflow***
17:14:31.253 [main] INFO  testCases.TC005SwitchToAGNGPrefundingWorkflowTest - ***Click on toggle user dropdown***
17:14:35.124 [main] INFO  testCases.TC005SwitchToAGNGPrefundingWorkflowTest - ***Click on logout button***
17:14:38.281 [main] INFO  testCases.TC005SwitchToAGNGPrefundingWorkflowTest - ***Close the browser***
17:16:56.697 [main] INFO  org.testng.internal.Utils - [TestNG] Running:
  D:\Debabrata Rout\Eclipse Workplace\MyProjectV001\master.xml

17:16:56.944 [main] INFO  testCases.TC001LandingPageLogoTest - ****Open Browser****
17:16:58.364 [main] INFO  testCases.TC001LandingPageLogoTest - ***Delete All Cookies***
17:17:00.230 [main] INFO  testCases.TC001LandingPageLogoTest - ***Launch the URL***
17:17:03.213 [main] INFO  testCases.TC001LandingPageLogoTest - ***Maximize the browser window***
17:17:03.330 [main] INFO  testCases.TC001LandingPageLogoTest - ***Validate the logo***
17:17:03.379 [main] INFO  testCases.TC001LandingPageLogoTest - ***click on the login link***
17:17:04.503 [main] INFO  testCases.TC001LandingPageLogoTest - ***Close the browser***
17:17:04.764 [main] INFO  testCases.TC002LoginTest - ****Open Browser****
17:17:05.838 [main] INFO  testCases.TC002LoginTest - ***Delete All Cookies***
17:17:07.029 [main] INFO  testCases.TC002LoginTest - ***Launch the URL***
17:17:09.879 [main] INFO  testCases.TC002LoginTest - ***Maximize the browser window***
17:17:09.935 [main] INFO  testCases.TC002LoginTest - ***Click on Login link***
17:17:10.118 [main] INFO  testCases.TC002LoginTest - ***Clear user name field***
17:17:10.169 [main] INFO  testCases.TC002LoginTest - ***Add Username***
17:17:10.256 [main] INFO  testCases.TC002LoginTest - ***Clear password field***
17:17:10.309 [main] INFO  testCases.TC002LoginTest - ***Add Password***
17:17:10.376 [main] INFO  testCases.TC002LoginTest - ***Click on Login BTN***
17:17:17.001 [main] INFO  testCases.TC002LoginTest - ***Validate the username in the home page***
17:17:17.043 [main] INFO  testCases.TC002LoginTest - ***Click on toggle user dropdown***
17:17:17.116 [main] INFO  testCases.TC002LoginTest - ***Click on logout button***
17:17:18.170 [main] INFO  testCases.TC002LoginTest - ***Close the browser***
17:17:18.416 [main] INFO  testCases.TC003LogoutTest - ****Open Browser****
17:17:19.431 [main] INFO  testCases.TC003LogoutTest - ***Delete All Cookies***
17:17:21.048 [main] INFO  testCases.TC003LogoutTest - ***Launch the URL***
17:17:24.270 [main] INFO  testCases.TC003LogoutTest - ***Maximize the browser window***
17:17:24.301 [main] INFO  testCases.TC003LogoutTest - ***Click on Login link***
17:17:24.505 [main] INFO  testCases.TC003LogoutTest - ***Clear user name field***
17:17:24.569 [main] INFO  testCases.TC003LogoutTest - ***Add Username***
17:17:24.660 [main] INFO  testCases.TC003LogoutTest - ***Clear password field***
17:17:24.713 [main] INFO  testCases.TC003LogoutTest - ***Add Password***
17:17:24.778 [main] INFO  testCases.TC003LogoutTest - ***Click on Login BTN***
17:17:30.670 [main] INFO  testCases.TC003LogoutTest - ***Validate the username in the home page***
17:17:30.710 [main] INFO  testCases.TC003LogoutTest - ***Click on toggle user dropdown***
17:17:30.773 [main] INFO  testCases.TC003LogoutTest - ***Click on logout button***
17:17:31.670 [main] INFO  testCases.TC003LogoutTest - ***Close the browser***
17:17:31.908 [main] INFO  testCases.TC005SwitchToAGNGPrefundingWorkflowTest - ****Open Browser****
17:17:32.832 [main] INFO  testCases.TC005SwitchToAGNGPrefundingWorkflowTest - ***Delete All Cookies***
17:17:34.259 [main] INFO  testCases.TC005SwitchToAGNGPrefundingWorkflowTest - ***Launch the URL***
17:17:37.448 [main] INFO  testCases.TC005SwitchToAGNGPrefundingWorkflowTest - ***Maximize the browser window***
17:17:37.496 [main] INFO  testCases.TC005SwitchToAGNGPrefundingWorkflowTest - ***Click on Login link***
17:17:37.688 [main] INFO  testCases.TC005SwitchToAGNGPrefundingWorkflowTest - ***Clear user name field***
17:17:37.758 [main] INFO  testCases.TC005SwitchToAGNGPrefundingWorkflowTest - ***Add Username***
17:17:37.862 [main] INFO  testCases.TC005SwitchToAGNGPrefundingWorkflowTest - ***Clear password field***
17:17:37.916 [main] INFO  testCases.TC005SwitchToAGNGPrefundingWorkflowTest - ***Add Password***
17:17:38.009 [main] INFO  testCases.TC005SwitchToAGNGPrefundingWorkflowTest - ***Click on Login BTN***
17:17:41.884 [main] INFO  testCases.TC005SwitchToAGNGPrefundingWorkflowTest - ***Validate the username in the home page***
17:17:41.929 [main] INFO  testCases.TC005SwitchToAGNGPrefundingWorkflowTest - ***Switch to the workflow***
17:17:47.207 [main] INFO  testCases.TC005SwitchToAGNGPrefundingWorkflowTest - ***Click on toggle user dropdown***
17:17:50.498 [main] INFO  testCases.TC005SwitchToAGNGPrefundingWorkflowTest - ***Click on logout button***
17:17:53.843 [main] INFO  testCases.TC005SwitchToAGNGPrefundingWorkflowTest - ***Close the browser***
17:17:54.300 [main] INFO  testCases.TC006SetPriorityTest - ****Open Browser****
17:17:55.291 [main] INFO  testCases.TC006SetPriorityTest - ***Delete All Cookies***
17:17:56.750 [main] INFO  testCases.TC006SetPriorityTest - ***Launch the URL***
17:17:59.514 [main] INFO  testCases.TC006SetPriorityTest - ***Maximize the browser window***
17:17:59.566 [main] INFO  testCases.TC006SetPriorityTest - ***Click on Login link***
17:17:59.754 [main] INFO  testCases.TC006SetPriorityTest - ***Clear user name field***
17:17:59.808 [main] INFO  testCases.TC006SetPriorityTest - ***Add Username***
17:17:59.899 [main] INFO  testCases.TC006SetPriorityTest - ***Clear password field***
17:17:59.952 [main] INFO  testCases.TC006SetPriorityTest - ***Add Password***
17:18:00.025 [main] INFO  testCases.TC006SetPriorityTest - ***Click on Login BTN***
17:18:04.046 [main] INFO  testCases.TC006SetPriorityTest - ***Validate the username in the home page***
17:18:04.088 [main] INFO  testCases.TC006SetPriorityTest - ***Switch to the workflow***
17:18:12.092 [main] INFO  testCases.TC006SetPriorityTest - ***Validate the workflow name***
17:18:12.112 [main] INFO  testCases.TC006SetPriorityTest - ***Click On Set Priority Link***
17:18:18.998 [main] INFO  testCases.TC006SetPriorityTest - ***Enter the loa number***
17:18:19.090 [main] INFO  testCases.TC006SetPriorityTest - ***Click on setpriority BTN***
17:18:21.157 [main] INFO  testCases.TC006SetPriorityTest - ***Validate the order***
17:18:26.363 [main] INFO  testCases.TC006SetPriorityTest - ***Click on loans to audit queue***
17:18:28.429 [main] INFO  testCases.TC006SetPriorityTest - ***get the priority/rush loan number and validate the priority***
17:18:28.510 [main] INFO  testCases.TC006SetPriorityTest - ***Click on toggle user dropdown***
17:18:28.579 [main] INFO  testCases.TC006SetPriorityTest - ***Click on logout button***
17:18:33.269 [main] INFO  testCases.TC006SetPriorityTest - ***Close the browser***
17:18:33.614 [main] INFO  testCases.TC007SearchLoan - ****Open Browser****
17:18:34.625 [main] INFO  testCases.TC007SearchLoan - ***Delete All Cookies***
17:18:36.030 [main] INFO  testCases.TC007SearchLoan - ***Launch the URL***
17:18:39.114 [main] INFO  testCases.TC007SearchLoan - ***Maximize the browser window***
17:18:39.169 [main] INFO  testCases.TC007SearchLoan - ***Click on Login link***
17:18:39.367 [main] INFO  testCases.TC007SearchLoan - ***Clear user name field***
17:18:39.424 [main] INFO  testCases.TC007SearchLoan - ***Add Username***
17:18:39.504 [main] INFO  testCases.TC007SearchLoan - ***Clear password field***
17:18:39.548 [main] INFO  testCases.TC007SearchLoan - ***Add Password***
17:18:39.619 [main] INFO  testCases.TC007SearchLoan - ***Click on Login BTN***
17:18:43.252 [main] INFO  testCases.TC007SearchLoan - ***Validate the username in the home page***
17:18:43.293 [main] INFO  testCases.TC007SearchLoan - ***Switch to the workflow***
17:18:52.549 [main] INFO  testCases.TC007SearchLoan - ***Validate the workflow name***
17:18:52.720 [main] INFO  testCases.TC007SearchLoan - ***Close the browser***
17:18:52.970 [main] INFO  testCases.TC008DateFilterTest - ****Open Browser****
17:18:53.920 [main] INFO  testCases.TC008DateFilterTest - ***Delete All Cookies***
17:18:55.080 [main] INFO  testCases.TC008DateFilterTest - ***Launch the URL***
17:18:58.509 [main] INFO  testCases.TC008DateFilterTest - ***Maximize the browser window***
17:18:58.536 [main] INFO  testCases.TC008DateFilterTest - ***Click on Login link***
17:18:59.142 [main] INFO  testCases.TC008DateFilterTest - ***Close the browser***
17:19:54.975 [main] INFO  org.testng.internal.Utils - [TestNG] Running:
  D:\Debabrata Rout\Eclipse Workplace\MyProjectV001\master.xml

17:19:55.239 [main] INFO  testCases.TC007SearchLoan - ****Open Browser****
17:19:56.760 [main] INFO  testCases.TC007SearchLoan - ***Delete All Cookies***
17:19:58.650 [main] INFO  testCases.TC007SearchLoan - ***Launch the URL***
17:20:02.105 [main] INFO  testCases.TC007SearchLoan - ***Maximize the browser window***
17:20:02.243 [main] INFO  testCases.TC007SearchLoan - ***Click on Login link***
17:20:02.409 [main] INFO  testCases.TC007SearchLoan - ***Clear user name field***
17:20:02.466 [main] INFO  testCases.TC007SearchLoan - ***Add Username***
17:20:02.548 [main] INFO  testCases.TC007SearchLoan - ***Clear password field***
17:20:02.612 [main] INFO  testCases.TC007SearchLoan - ***Add Password***
17:20:02.674 [main] INFO  testCases.TC007SearchLoan - ***Click on Login BTN***
17:20:04.929 [main] INFO  testCases.TC007SearchLoan - ***Validate the username in the home page***
17:20:06.549 [main] INFO  testCases.TC007SearchLoan - ***Switch to the workflow***
17:20:13.720 [main] INFO  testCases.TC007SearchLoan - ***Validate the workflow name***
17:20:13.930 [main] INFO  testCases.TC007SearchLoan - ***Close the browser***
17:20:15.790 [main] INFO  testCases.TC008DateFilterTest - ****Open Browser****
17:20:16.860 [main] INFO  testCases.TC008DateFilterTest - ***Delete All Cookies***
17:20:18.826 [main] INFO  testCases.TC008DateFilterTest - ***Launch the URL***
17:20:23.243 [main] INFO  testCases.TC008DateFilterTest - ***Maximize the browser window***
17:20:23.305 [main] INFO  testCases.TC008DateFilterTest - ***Click on Login link***
17:20:23.466 [main] INFO  testCases.TC008DateFilterTest - ***Clear user name field***
17:20:23.518 [main] INFO  testCases.TC008DateFilterTest - ***Add Username***
17:20:23.619 [main] INFO  testCases.TC008DateFilterTest - ***Clear password field***
17:20:23.680 [main] INFO  testCases.TC008DateFilterTest - ***Add Password***
17:20:23.746 [main] INFO  testCases.TC008DateFilterTest - ***Click on Login BTN***
17:20:26.040 [main] INFO  testCases.TC008DateFilterTest - ***Validate the username in the home page***
17:20:28.733 [main] INFO  testCases.TC008DateFilterTest - ***Switch to the workflow***
17:20:35.925 [main] INFO  testCases.TC008DateFilterTest - ***Validate the workflow name***
17:20:36.070 [main] INFO  testCases.TC008DateFilterTest - ***Close the browser***
17:23:01.463 [main] INFO  org.testng.internal.Utils - [TestNG] Running:
  D:\Debabrata Rout\Eclipse Workplace\MyProjectV001\master.xml

17:23:01.697 [main] INFO  testCases.TC007SearchLoan - ****Open Browser****
17:23:07.387 [main] INFO  testCases.TC007SearchLoan - ***Delete All Cookies***
17:23:08.814 [main] INFO  testCases.TC007SearchLoan - ***Launch the URL***
17:23:12.352 [main] INFO  testCases.TC007SearchLoan - ***Maximize the browser window***
17:23:12.464 [main] INFO  testCases.TC007SearchLoan - ***Click on Login link***
17:23:12.618 [main] INFO  testCases.TC007SearchLoan - ***Clear user name field***
17:23:12.678 [main] INFO  testCases.TC007SearchLoan - ***Add Username***
17:23:12.760 [main] INFO  testCases.TC007SearchLoan - ***Clear password field***
17:23:12.811 [main] INFO  testCases.TC007SearchLoan - ***Add Password***
17:23:12.874 [main] INFO  testCases.TC007SearchLoan - ***Click on Login BTN***
17:23:15.192 [main] INFO  testCases.TC007SearchLoan - ***Validate the username in the home page***
17:23:20.795 [main] INFO  testCases.TC007SearchLoan - ***Switch to the workflow***
17:23:29.793 [main] INFO  testCases.TC007SearchLoan - ***Validate the workflow name***
17:23:34.369 [main] INFO  testCases.TC007SearchLoan - ***Click on toggle user dropdown***
17:23:35.329 [main] INFO  testCases.TC007SearchLoan - ***Click on logout button***
17:23:39.293 [main] INFO  testCases.TC007SearchLoan - ***Close the browser***
17:23:39.569 [main] INFO  testCases.TC008DateFilterTest - ****Open Browser****
17:23:40.624 [main] INFO  testCases.TC008DateFilterTest - ***Delete All Cookies***
17:23:42.439 [main] INFO  testCases.TC008DateFilterTest - ***Launch the URL***
17:23:45.438 [main] INFO  testCases.TC008DateFilterTest - ***Maximize the browser window***
17:23:45.492 [main] INFO  testCases.TC008DateFilterTest - ***Click on Login link***
17:23:45.659 [main] INFO  testCases.TC008DateFilterTest - ***Clear user name field***
17:23:45.711 [main] INFO  testCases.TC008DateFilterTest - ***Add Username***
17:23:45.806 [main] INFO  testCases.TC008DateFilterTest - ***Clear password field***
17:23:45.860 [main] INFO  testCases.TC008DateFilterTest - ***Add Password***
17:23:45.924 [main] INFO  testCases.TC008DateFilterTest - ***Click on Login BTN***
17:23:51.689 [main] INFO  testCases.TC008DateFilterTest - ***Validate the username in the home page***
17:23:51.727 [main] INFO  testCases.TC008DateFilterTest - ***Switch to the workflow***
17:23:59.350 [main] INFO  testCases.TC008DateFilterTest - ***Validate the workflow name***
17:23:59.372 [main] INFO  testCases.TC008DateFilterTest - ***add the from date***
17:24:04.488 [main] INFO  testCases.TC008DateFilterTest - ***add the from date***
17:24:05.624 [main] INFO  testCases.TC008DateFilterTest - ***click on go button***
17:24:07.693 [main] INFO  testCases.TC008DateFilterTest - ***Click on toggle user dropdown***
17:24:08.799 [main] INFO  testCases.TC008DateFilterTest - ***Test Case Failed***
17:24:08.962 [main] INFO  testCases.TC008DateFilterTest - ***Close the browser***
17:25:28.781 [main] INFO  org.testng.internal.Utils - [TestNG] Running:
  D:\Debabrata Rout\Eclipse Workplace\MyProjectV001\master.xml

17:25:29.018 [main] INFO  testCases.TC008DateFilterTest - ****Open Browser****
17:25:30.433 [main] INFO  testCases.TC008DateFilterTest - ***Delete All Cookies***
17:25:31.625 [main] INFO  testCases.TC008DateFilterTest - ***Launch the URL***
17:25:34.959 [main] INFO  testCases.TC008DateFilterTest - ***Maximize the browser window***
17:25:35.094 [main] INFO  testCases.TC008DateFilterTest - ***Click on Login link***
17:25:35.263 [main] INFO  testCases.TC008DateFilterTest - ***Clear user name field***
17:25:35.320 [main] INFO  testCases.TC008DateFilterTest - ***Add Username***
17:25:35.407 [main] INFO  testCases.TC008DateFilterTest - ***Clear password field***
17:25:35.460 [main] INFO  testCases.TC008DateFilterTest - ***Add Password***
17:25:35.530 [main] INFO  testCases.TC008DateFilterTest - ***Click on Login BTN***
17:25:37.795 [main] INFO  testCases.TC008DateFilterTest - ***Validate the username in the home page***
17:25:39.371 [main] INFO  testCases.TC008DateFilterTest - ***Switch to the workflow***
17:25:46.549 [main] INFO  testCases.TC008DateFilterTest - ***Validate the workflow name***
17:25:48.251 [main] INFO  testCases.TC008DateFilterTest - ***add the from date***
17:25:53.364 [main] INFO  testCases.TC008DateFilterTest - ***add the from date***
17:25:54.479 [main] INFO  testCases.TC008DateFilterTest - ***click on go button***
17:25:56.563 [main] INFO  testCases.TC008DateFilterTest - ***Click on toggle user dropdown***
17:25:56.636 [main] INFO  testCases.TC008DateFilterTest - ***Click on logout button***
17:25:58.147 [main] INFO  testCases.TC008DateFilterTest - ***Close the browser***
17:28:16.713 [main] INFO  org.testng.internal.Utils - [TestNG] Running:
  D:\Debabrata Rout\Eclipse Workplace\MyProjectV001\master.xml

17:28:16.987 [main] INFO  testCases.TC001LandingPageLogoTest - ****Open Browser****
17:28:18.552 [main] INFO  testCases.TC001LandingPageLogoTest - ***Delete All Cookies***
17:28:19.590 [main] INFO  testCases.TC001LandingPageLogoTest - ***Launch the URL***
17:28:22.833 [main] INFO  testCases.TC001LandingPageLogoTest - ***Maximize the browser window***
17:28:22.930 [main] INFO  testCases.TC001LandingPageLogoTest - ***Validate the logo***
17:28:22.996 [main] INFO  testCases.TC001LandingPageLogoTest - ***click on the login link***
17:28:24.136 [main] INFO  testCases.TC001LandingPageLogoTest - ***Close the browser***
17:28:24.343 [main] INFO  testCases.TC002LoginTest - ****Open Browser****
17:28:25.375 [main] INFO  testCases.TC002LoginTest - ***Delete All Cookies***
17:28:26.657 [main] INFO  testCases.TC002LoginTest - ***Launch the URL***
17:28:30.863 [main] INFO  testCases.TC002LoginTest - ***Maximize the browser window***
17:28:30.921 [main] INFO  testCases.TC002LoginTest - ***Click on Login link***
17:28:31.244 [main] INFO  testCases.TC002LoginTest - ***Clear user name field***
17:28:31.303 [main] INFO  testCases.TC002LoginTest - ***Add Username***
17:28:31.384 [main] INFO  testCases.TC002LoginTest - ***Clear password field***
17:28:31.428 [main] INFO  testCases.TC002LoginTest - ***Add Password***
17:28:31.507 [main] INFO  testCases.TC002LoginTest - ***Click on Login BTN***
17:28:38.125 [main] INFO  testCases.TC002LoginTest - ***Validate the username in the home page***
17:28:38.168 [main] INFO  testCases.TC002LoginTest - ***Click on toggle user dropdown***
17:28:38.234 [main] INFO  testCases.TC002LoginTest - ***Click on logout button***
17:28:39.145 [main] INFO  testCases.TC002LoginTest - ***Close the browser***
17:28:39.388 [main] INFO  testCases.TC003LogoutTest - ****Open Browser****
17:28:40.474 [main] INFO  testCases.TC003LogoutTest - ***Delete All Cookies***
17:28:41.775 [main] INFO  testCases.TC003LogoutTest - ***Launch the URL***
17:28:45.287 [main] INFO  testCases.TC003LogoutTest - ***Maximize the browser window***
17:28:45.344 [main] INFO  testCases.TC003LogoutTest - ***Click on Login link***
17:28:45.513 [main] INFO  testCases.TC003LogoutTest - ***Clear user name field***
17:28:45.562 [main] INFO  testCases.TC003LogoutTest - ***Add Username***
17:28:45.652 [main] INFO  testCases.TC003LogoutTest - ***Clear password field***
17:28:45.697 [main] INFO  testCases.TC003LogoutTest - ***Add Password***
17:28:45.771 [main] INFO  testCases.TC003LogoutTest - ***Click on Login BTN***
17:28:53.042 [main] INFO  testCases.TC003LogoutTest - ***Validate the username in the home page***
17:28:53.090 [main] INFO  testCases.TC003LogoutTest - ***Click on toggle user dropdown***
17:28:53.152 [main] INFO  testCases.TC003LogoutTest - ***Click on logout button***
17:28:55.907 [main] INFO  testCases.TC003LogoutTest - ***Close the browser***
17:28:56.159 [main] INFO  testCases.TC005SwitchToAGNGPrefundingWorkflowTest - ****Open Browser****
17:28:57.253 [main] INFO  testCases.TC005SwitchToAGNGPrefundingWorkflowTest - ***Delete All Cookies***
17:28:58.277 [main] INFO  testCases.TC005SwitchToAGNGPrefundingWorkflowTest - ***Launch the URL***
17:29:01.722 [main] INFO  testCases.TC005SwitchToAGNGPrefundingWorkflowTest - ***Maximize the browser window***
17:29:01.771 [main] INFO  testCases.TC005SwitchToAGNGPrefundingWorkflowTest - ***Click on Login link***
17:29:02.414 [main] INFO  testCases.TC005SwitchToAGNGPrefundingWorkflowTest - ***Close the browser***
17:29:02.634 [main] INFO  testCases.TC006SetPriorityTest - ****Open Browser****
17:29:03.657 [main] INFO  testCases.TC006SetPriorityTest - ***Delete All Cookies***
17:29:04.991 [main] INFO  testCases.TC006SetPriorityTest - ***Launch the URL***
17:29:08.790 [main] INFO  testCases.TC006SetPriorityTest - ***Maximize the browser window***
17:29:08.831 [main] INFO  testCases.TC006SetPriorityTest - ***Click on Login link***
17:29:09.006 [main] INFO  testCases.TC006SetPriorityTest - ***Clear user name field***
17:29:09.057 [main] INFO  testCases.TC006SetPriorityTest - ***Add Username***
17:29:09.151 [main] INFO  testCases.TC006SetPriorityTest - ***Clear password field***
17:29:09.199 [main] INFO  testCases.TC006SetPriorityTest - ***Add Password***
17:29:09.268 [main] INFO  testCases.TC006SetPriorityTest - ***Click on Login BTN***
17:29:15.225 [main] INFO  testCases.TC006SetPriorityTest - ***Validate the username in the home page***
17:29:15.270 [main] INFO  testCases.TC006SetPriorityTest - ***Switch to the workflow***
17:29:23.098 [main] INFO  testCases.TC006SetPriorityTest - ***Validate the workflow name***
17:29:23.118 [main] INFO  testCases.TC006SetPriorityTest - ***Click On Set Priority Link***
17:29:29.784 [main] INFO  testCases.TC006SetPriorityTest - ***Enter the loa number***
17:29:29.869 [main] INFO  testCases.TC006SetPriorityTest - ***Click on setpriority BTN***
17:29:31.933 [main] INFO  testCases.TC006SetPriorityTest - ***Validate the order***
17:29:36.623 [main] INFO  testCases.TC006SetPriorityTest - ***Click on loans to audit queue***
17:29:38.723 [main] INFO  testCases.TC006SetPriorityTest - ***get the priority/rush loan number and validate the priority***
17:29:38.828 [main] INFO  testCases.TC006SetPriorityTest - ***Click on toggle user dropdown***
17:29:38.889 [main] INFO  testCases.TC006SetPriorityTest - ***Click on logout button***
17:29:42.588 [main] INFO  testCases.TC006SetPriorityTest - ***Close the browser***
17:29:42.918 [main] INFO  testCases.TC007SearchLoan - ****Open Browser****
17:29:43.888 [main] INFO  testCases.TC007SearchLoan - ***Delete All Cookies***
17:29:45.128 [main] INFO  testCases.TC007SearchLoan - ***Launch the URL***
17:29:48.552 [main] INFO  testCases.TC007SearchLoan - ***Maximize the browser window***
17:29:48.583 [main] INFO  testCases.TC007SearchLoan - ***Click on Login link***
17:29:48.763 [main] INFO  testCases.TC007SearchLoan - ***Clear user name field***
17:29:48.822 [main] INFO  testCases.TC007SearchLoan - ***Add Username***
17:29:48.912 [main] INFO  testCases.TC007SearchLoan - ***Clear password field***
17:29:48.963 [main] INFO  testCases.TC007SearchLoan - ***Add Password***
17:29:49.032 [main] INFO  testCases.TC007SearchLoan - ***Click on Login BTN***
17:29:54.092 [main] INFO  testCases.TC007SearchLoan - ***Validate the username in the home page***
17:29:54.142 [main] INFO  testCases.TC007SearchLoan - ***Switch to the workflow***
17:30:01.551 [main] INFO  testCases.TC007SearchLoan - ***Validate the workflow name***
17:30:03.611 [main] INFO  testCases.TC007SearchLoan - ***Click on toggle user dropdown***
17:30:04.612 [main] INFO  testCases.TC007SearchLoan - ***Click on logout button***
17:30:08.079 [main] INFO  testCases.TC007SearchLoan - ***Close the browser***
17:30:08.318 [main] INFO  testCases.TC008DateFilterTest - ****Open Browser****
